---------------------------------------------
0123456789 ROUGE-1 Average_R: 0.24224 (95%-conf.int. 0.22020 - 0.26485)
0123456789 ROUGE-1 Average_P: 0.25377 (95%-conf.int. 0.23200 - 0.27633)
0123456789 ROUGE-1 Average_F: 0.24684 (95%-conf.int. 0.22518 - 0.26895)
.............................................
0123456789 ROUGE-1 Eval D1001-A.M.100.A.0123456789 R:0.22222 P:0.26923 F:0.24348
0123456789 ROUGE-1 Eval D1002-A.M.100.A.0123456789 R:0.33333 P:0.36842 F:0.35000
0123456789 ROUGE-1 Eval D1003-A.M.100.A.0123456789 R:0.16393 P:0.17857 F:0.17094
0123456789 ROUGE-1 Eval D1004-A.M.100.A.0123456789 R:0.28125 P:0.29508 F:0.28800
0123456789 ROUGE-1 Eval D1005-A.M.100.A.0123456789 R:0.25000 P:0.28846 F:0.26786
0123456789 ROUGE-1 Eval D1006-A.M.100.A.0123456789 R:0.22951 P:0.26923 F:0.24779
0123456789 ROUGE-1 Eval D1007-A.M.100.B.0123456789 R:0.20000 P:0.24000 F:0.21818
0123456789 ROUGE-1 Eval D1008-A.M.100.B.0123456789 R:0.23810 P:0.28846 F:0.26087
0123456789 ROUGE-1 Eval D1009-A.M.100.B.0123456789 R:0.21667 P:0.22414 F:0.22034
0123456789 ROUGE-1 Eval D1010-A.M.100.B.0123456789 R:0.22727 P:0.23810 F:0.23256
0123456789 ROUGE-1 Eval D1011-A.M.100.C.0123456789 R:0.08511 P:0.08696 F:0.08603
0123456789 ROUGE-1 Eval D1012-A.M.100.C.0123456789 R:0.29310 P:0.27869 F:0.28571
0123456789 ROUGE-1 Eval D1013-A.M.100.C.0123456789 R:0.21569 P:0.18644 F:0.20000
0123456789 ROUGE-1 Eval D1014-A.M.100.C.0123456789 R:0.17857 P:0.16667 F:0.17241
0123456789 ROUGE-1 Eval D1015-A.M.100.C.0123456789 R:0.25000 P:0.22727 F:0.23809
0123456789 ROUGE-1 Eval D1016-A.M.100.C.0123456789 R:0.36207 P:0.33333 F:0.34711
0123456789 ROUGE-1 Eval D1017-A.M.100.D.0123456789 R:0.22388 P:0.27778 F:0.24793
0123456789 ROUGE-1 Eval D1018-A.M.100.D.0123456789 R:0.33929 P:0.35849 F:0.34863
0123456789 ROUGE-1 Eval D1019-A.M.100.D.0123456789 R:0.26230 P:0.32000 F:0.28829
0123456789 ROUGE-1 Eval D1020-A.M.100.D.0123456789 R:0.20000 P:0.22222 F:0.21053
0123456789 ROUGE-1 Eval D1021-A.M.100.D.0123456789 R:0.37500 P:0.36207 F:0.36842
0123456789 ROUGE-1 Eval D1022-A.M.100.D.0123456789 R:0.32812 P:0.35000 F:0.33871
0123456789 ROUGE-1 Eval D1023-A.M.100.E.0123456789 R:0.13115 P:0.13115 F:0.13115
0123456789 ROUGE-1 Eval D1024-A.M.100.E.0123456789 R:0.19403 P:0.20635 F:0.20000
0123456789 ROUGE-1 Eval D1025-A.M.100.E.0123456789 R:0.24528 P:0.22414 F:0.23423
0123456789 ROUGE-1 Eval D1026-A.M.100.E.0123456789 R:0.07273 P:0.06667 F:0.06957
0123456789 ROUGE-1 Eval D1027-A.M.100.E.0123456789 R:0.37500 P:0.34426 F:0.35897
0123456789 ROUGE-1 Eval D1028-A.M.100.E.0123456789 R:0.26923 P:0.21538 F:0.23931
0123456789 ROUGE-1 Eval D1029-A.M.100.F.0123456789 R:0.19118 P:0.22414 F:0.20635
0123456789 ROUGE-1 Eval D1030-A.M.100.F.0123456789 R:0.12500 P:0.20000 F:0.15385
0123456789 ROUGE-1 Eval D1031-A.M.100.F.0123456789 R:0.14085 P:0.17241 F:0.15504
0123456789 ROUGE-1 Eval D1032-A.M.100.F.0123456789 R:0.36765 P:0.46296 F:0.40984
0123456789 ROUGE-1 Eval D1033-A.M.100.F.0123456789 R:0.29508 P:0.30000 F:0.29752
0123456789 ROUGE-1 Eval D1034-A.M.100.F.0123456789 R:0.05714 P:0.07692 F:0.06557
0123456789 ROUGE-1 Eval D1035-A.M.100.G.0123456789 R:0.17460 P:0.17742 F:0.17600
0123456789 ROUGE-1 Eval D1036-A.M.100.G.0123456789 R:0.23077 P:0.25424 F:0.24194
0123456789 ROUGE-1 Eval D1037-A.M.100.G.0123456789 R:0.25000 P:0.28571 F:0.26666
0123456789 ROUGE-1 Eval D1038-A.M.100.G.0123456789 R:0.23529 P:0.26667 F:0.25000
0123456789 ROUGE-1 Eval D1039-A.M.100.G.0123456789 R:0.30769 P:0.31250 F:0.31008
0123456789 ROUGE-1 Eval D1040-A.M.100.G.0123456789 R:0.28814 P:0.31481 F:0.30089
0123456789 ROUGE-1 Eval D1041-A.M.100.H.0123456789 R:0.24194 P:0.28846 F:0.26316
0123456789 ROUGE-1 Eval D1042-A.M.100.H.0123456789 R:0.28000 P:0.23333 F:0.25454
0123456789 ROUGE-1 Eval D1043-A.M.100.H.0123456789 R:0.27119 P:0.23881 F:0.25397
0123456789 ROUGE-1 Eval D1044-A.M.100.H.0123456789 R:0.29825 P:0.28814 F:0.29311
0123456789 ROUGE-1 Eval D1045-A.M.100.H.0123456789 R:0.34483 P:0.32258 F:0.33333
0123456789 ROUGE-1 Eval D1046-A.M.100.H.0123456789 R:0.31034 P:0.26866 F:0.28800
---------------------------------------------
0123456789 ROUGE-2 Average_R: 0.05848 (95%-conf.int. 0.04838 - 0.06850)
0123456789 ROUGE-2 Average_P: 0.06056 (95%-conf.int. 0.05042 - 0.07018)
0123456789 ROUGE-2 Average_F: 0.05927 (95%-conf.int. 0.04913 - 0.06893)
.............................................
0123456789 ROUGE-2 Eval D1001-A.M.100.A.0123456789 R:0.03226 P:0.03922 F:0.03540
0123456789 ROUGE-2 Eval D1002-A.M.100.A.0123456789 R:0.06452 P:0.07143 F:0.06780
0123456789 ROUGE-2 Eval D1003-A.M.100.A.0123456789 R:0.03333 P:0.03636 F:0.03478
0123456789 ROUGE-2 Eval D1004-A.M.100.A.0123456789 R:0.07937 P:0.08333 F:0.08130
0123456789 ROUGE-2 Eval D1005-A.M.100.A.0123456789 R:0.03390 P:0.03922 F:0.03637
0123456789 ROUGE-2 Eval D1006-A.M.100.A.0123456789 R:0.08333 P:0.09804 F:0.09009
0123456789 ROUGE-2 Eval D1007-A.M.100.B.0123456789 R:0.01695 P:0.02041 F:0.01852
0123456789 ROUGE-2 Eval D1008-A.M.100.B.0123456789 R:0.04839 P:0.05882 F:0.05310
0123456789 ROUGE-2 Eval D1009-A.M.100.B.0123456789 R:0.05085 P:0.05263 F:0.05172
0123456789 ROUGE-2 Eval D1010-A.M.100.B.0123456789 R:0.04615 P:0.04839 F:0.04724
0123456789 ROUGE-2 Eval D1011-A.M.100.C.0123456789 R:0.02174 P:0.02222 F:0.02198
0123456789 ROUGE-2 Eval D1012-A.M.100.C.0123456789 R:0.03509 P:0.03333 F:0.03419
0123456789 ROUGE-2 Eval D1013-A.M.100.C.0123456789 R:0.08000 P:0.06897 F:0.07408
0123456789 ROUGE-2 Eval D1014-A.M.100.C.0123456789 R:0.00000 P:0.00000 F:0.00000
0123456789 ROUGE-2 Eval D1015-A.M.100.C.0123456789 R:0.10169 P:0.09231 F:0.09677
0123456789 ROUGE-2 Eval D1016-A.M.100.C.0123456789 R:0.08772 P:0.08065 F:0.08404
0123456789 ROUGE-2 Eval D1017-A.M.100.D.0123456789 R:0.06061 P:0.07547 F:0.06723
0123456789 ROUGE-2 Eval D1018-A.M.100.D.0123456789 R:0.09091 P:0.09615 F:0.09346
0123456789 ROUGE-2 Eval D1019-A.M.100.D.0123456789 R:0.05000 P:0.06122 F:0.05504
0123456789 ROUGE-2 Eval D1020-A.M.100.D.0123456789 R:0.03390 P:0.03774 F:0.03572
0123456789 ROUGE-2 Eval D1021-A.M.100.D.0123456789 R:0.10909 P:0.10526 F:0.10714
0123456789 ROUGE-2 Eval D1022-A.M.100.D.0123456789 R:0.07937 P:0.08475 F:0.08197
0123456789 ROUGE-2 Eval D1023-A.M.100.E.0123456789 R:0.00000 P:0.00000 F:0.00000
0123456789 ROUGE-2 Eval D1024-A.M.100.E.0123456789 R:0.06061 P:0.06452 F:0.06250
0123456789 ROUGE-2 Eval D1025-A.M.100.E.0123456789 R:0.09615 P:0.08772 F:0.09174
0123456789 ROUGE-2 Eval D1026-A.M.100.E.0123456789 R:0.00000 P:0.00000 F:0.00000
0123456789 ROUGE-2 Eval D1027-A.M.100.E.0123456789 R:0.07273 P:0.06667 F:0.06957
0123456789 ROUGE-2 Eval D1028-A.M.100.E.0123456789 R:0.01961 P:0.01562 F:0.01739
0123456789 ROUGE-2 Eval D1029-A.M.100.F.0123456789 R:0.04478 P:0.05263 F:0.04839
0123456789 ROUGE-2 Eval D1030-A.M.100.F.0123456789 R:0.01408 P:0.02273 F:0.01739
0123456789 ROUGE-2 Eval D1031-A.M.100.F.0123456789 R:0.04286 P:0.05263 F:0.04725
0123456789 ROUGE-2 Eval D1032-A.M.100.F.0123456789 R:0.08955 P:0.11321 F:0.10000
0123456789 ROUGE-2 Eval D1033-A.M.100.F.0123456789 R:0.11667 P:0.11864 F:0.11765
0123456789 ROUGE-2 Eval D1034-A.M.100.F.0123456789 R:0.00000 P:0.00000 F:0.00000
0123456789 ROUGE-2 Eval D1035-A.M.100.G.0123456789 R:0.03226 P:0.03279 F:0.03252
0123456789 ROUGE-2 Eval D1036-A.M.100.G.0123456789 R:0.01562 P:0.01724 F:0.01639
0123456789 ROUGE-2 Eval D1037-A.M.100.G.0123456789 R:0.03636 P:0.04167 F:0.03883
0123456789 ROUGE-2 Eval D1038-A.M.100.G.0123456789 R:0.05970 P:0.06780 F:0.06349
0123456789 ROUGE-2 Eval D1039-A.M.100.G.0123456789 R:0.10938 P:0.11111 F:0.11024
0123456789 ROUGE-2 Eval D1040-A.M.100.G.0123456789 R:0.10345 P:0.11321 F:0.10811
0123456789 ROUGE-2 Eval D1041-A.M.100.H.0123456789 R:0.08197 P:0.09804 F:0.08929
0123456789 ROUGE-2 Eval D1042-A.M.100.H.0123456789 R:0.08163 P:0.06780 F:0.07408
0123456789 ROUGE-2 Eval D1043-A.M.100.H.0123456789 R:0.13793 P:0.12121 F:0.12903
0123456789 ROUGE-2 Eval D1044-A.M.100.H.0123456789 R:0.05357 P:0.05172 F:0.05263
0123456789 ROUGE-2 Eval D1045-A.M.100.H.0123456789 R:0.12281 P:0.11475 F:0.11864
0123456789 ROUGE-2 Eval D1046-A.M.100.H.0123456789 R:0.07018 P:0.06061 F:0.06504
---------------------------------------------
0123456789 ROUGE-3 Average_R: 0.01669 (95%-conf.int. 0.01061 - 0.02407)
0123456789 ROUGE-3 Average_P: 0.01715 (95%-conf.int. 0.01110 - 0.02414)
0123456789 ROUGE-3 Average_F: 0.01685 (95%-conf.int. 0.01091 - 0.02396)
.............................................
0123456789 ROUGE-3 Eval D1001-A.M.100.A.0123456789 R:0.01639 P:0.02000 F:0.01802
0123456789 ROUGE-3 Eval D1002-A.M.100.A.0123456789 R:0.00000 P:0.00000 F:0.00000
0123456789 ROUGE-3 Eval D1003-A.M.100.A.0123456789 R:0.00000 P:0.00000 F:0.00000
0123456789 ROUGE-3 Eval D1004-A.M.100.A.0123456789 R:0.01613 P:0.01695 F:0.01653
0123456789 ROUGE-3 Eval D1005-A.M.100.A.0123456789 R:0.01724 P:0.02000 F:0.01852
0123456789 ROUGE-3 Eval D1006-A.M.100.A.0123456789 R:0.05085 P:0.06000 F:0.05505
0123456789 ROUGE-3 Eval D1007-A.M.100.B.0123456789 R:0.00000 P:0.00000 F:0.00000
0123456789 ROUGE-3 Eval D1008-A.M.100.B.0123456789 R:0.01639 P:0.02000 F:0.01802
0123456789 ROUGE-3 Eval D1009-A.M.100.B.0123456789 R:0.00000 P:0.00000 F:0.00000
0123456789 ROUGE-3 Eval D1010-A.M.100.B.0123456789 R:0.01562 P:0.01639 F:0.01600
0123456789 ROUGE-3 Eval D1011-A.M.100.C.0123456789 R:0.00000 P:0.00000 F:0.00000
0123456789 ROUGE-3 Eval D1012-A.M.100.C.0123456789 R:0.00000 P:0.00000 F:0.00000
0123456789 ROUGE-3 Eval D1013-A.M.100.C.0123456789 R:0.00000 P:0.00000 F:0.00000
0123456789 ROUGE-3 Eval D1014-A.M.100.C.0123456789 R:0.00000 P:0.00000 F:0.00000
0123456789 ROUGE-3 Eval D1015-A.M.100.C.0123456789 R:0.03448 P:0.03125 F:0.03279
0123456789 ROUGE-3 Eval D1016-A.M.100.C.0123456789 R:0.00000 P:0.00000 F:0.00000
0123456789 ROUGE-3 Eval D1017-A.M.100.D.0123456789 R:0.00000 P:0.00000 F:0.00000
0123456789 ROUGE-3 Eval D1018-A.M.100.D.0123456789 R:0.03704 P:0.03922 F:0.03810
0123456789 ROUGE-3 Eval D1019-A.M.100.D.0123456789 R:0.00000 P:0.00000 F:0.00000
0123456789 ROUGE-3 Eval D1020-A.M.100.D.0123456789 R:0.00000 P:0.00000 F:0.00000
0123456789 ROUGE-3 Eval D1021-A.M.100.D.0123456789 R:0.01852 P:0.01786 F:0.01818
0123456789 ROUGE-3 Eval D1022-A.M.100.D.0123456789 R:0.01613 P:0.01724 F:0.01667
0123456789 ROUGE-3 Eval D1023-A.M.100.E.0123456789 R:0.00000 P:0.00000 F:0.00000
0123456789 ROUGE-3 Eval D1024-A.M.100.E.0123456789 R:0.03077 P:0.03279 F:0.03175
0123456789 ROUGE-3 Eval D1025-A.M.100.E.0123456789 R:0.03922 P:0.03571 F:0.03738
0123456789 ROUGE-3 Eval D1026-A.M.100.E.0123456789 R:0.00000 P:0.00000 F:0.00000
0123456789 ROUGE-3 Eval D1027-A.M.100.E.0123456789 R:0.00000 P:0.00000 F:0.00000
0123456789 ROUGE-3 Eval D1028-A.M.100.E.0123456789 R:0.00000 P:0.00000 F:0.00000
0123456789 ROUGE-3 Eval D1029-A.M.100.F.0123456789 R:0.00000 P:0.00000 F:0.00000
0123456789 ROUGE-3 Eval D1030-A.M.100.F.0123456789 R:0.00000 P:0.00000 F:0.00000
0123456789 ROUGE-3 Eval D1031-A.M.100.F.0123456789 R:0.01449 P:0.01786 F:0.01600
0123456789 ROUGE-3 Eval D1032-A.M.100.F.0123456789 R:0.03030 P:0.03846 F:0.03390
0123456789 ROUGE-3 Eval D1033-A.M.100.F.0123456789 R:0.05085 P:0.05172 F:0.05128
0123456789 ROUGE-3 Eval D1034-A.M.100.F.0123456789 R:0.00000 P:0.00000 F:0.00000
0123456789 ROUGE-3 Eval D1035-A.M.100.G.0123456789 R:0.00000 P:0.00000 F:0.00000
0123456789 ROUGE-3 Eval D1036-A.M.100.G.0123456789 R:0.00000 P:0.00000 F:0.00000
0123456789 ROUGE-3 Eval D1037-A.M.100.G.0123456789 R:0.00000 P:0.00000 F:0.00000
0123456789 ROUGE-3 Eval D1038-A.M.100.G.0123456789 R:0.03030 P:0.03448 F:0.03226
0123456789 ROUGE-3 Eval D1039-A.M.100.G.0123456789 R:0.03175 P:0.03226 F:0.03200
0123456789 ROUGE-3 Eval D1040-A.M.100.G.0123456789 R:0.03509 P:0.03846 F:0.03670
0123456789 ROUGE-3 Eval D1041-A.M.100.H.0123456789 R:0.03333 P:0.04000 F:0.03636
0123456789 ROUGE-3 Eval D1042-A.M.100.H.0123456789 R:0.02083 P:0.01724 F:0.01887
0123456789 ROUGE-3 Eval D1043-A.M.100.H.0123456789 R:0.12281 P:0.10769 F:0.11475
0123456789 ROUGE-3 Eval D1044-A.M.100.H.0123456789 R:0.03636 P:0.03509 F:0.03571
0123456789 ROUGE-3 Eval D1045-A.M.100.H.0123456789 R:0.05357 P:0.05000 F:0.05172
0123456789 ROUGE-3 Eval D1046-A.M.100.H.0123456789 R:0.00000 P:0.00000 F:0.00000
---------------------------------------------
0123456789 ROUGE-4 Average_R: 0.00537 (95%-conf.int. 0.00146 - 0.01116)
0123456789 ROUGE-4 Average_P: 0.00536 (95%-conf.int. 0.00161 - 0.01071)
0123456789 ROUGE-4 Average_F: 0.00534 (95%-conf.int. 0.00153 - 0.01091)
.............................................
0123456789 ROUGE-4 Eval D1001-A.M.100.A.0123456789 R:0.00000 P:0.00000 F:0.00000
0123456789 ROUGE-4 Eval D1002-A.M.100.A.0123456789 R:0.00000 P:0.00000 F:0.00000
0123456789 ROUGE-4 Eval D1003-A.M.100.A.0123456789 R:0.00000 P:0.00000 F:0.00000
0123456789 ROUGE-4 Eval D1004-A.M.100.A.0123456789 R:0.00000 P:0.00000 F:0.00000
0123456789 ROUGE-4 Eval D1005-A.M.100.A.0123456789 R:0.00000 P:0.00000 F:0.00000
0123456789 ROUGE-4 Eval D1006-A.M.100.A.0123456789 R:0.03448 P:0.04082 F:0.03738
0123456789 ROUGE-4 Eval D1007-A.M.100.B.0123456789 R:0.00000 P:0.00000 F:0.00000
0123456789 ROUGE-4 Eval D1008-A.M.100.B.0123456789 R:0.00000 P:0.00000 F:0.00000
0123456789 ROUGE-4 Eval D1009-A.M.100.B.0123456789 R:0.00000 P:0.00000 F:0.00000
0123456789 ROUGE-4 Eval D1010-A.M.100.B.0123456789 R:0.00000 P:0.00000 F:0.00000
0123456789 ROUGE-4 Eval D1011-A.M.100.C.0123456789 R:0.00000 P:0.00000 F:0.00000
0123456789 ROUGE-4 Eval D1012-A.M.100.C.0123456789 R:0.00000 P:0.00000 F:0.00000
0123456789 ROUGE-4 Eval D1013-A.M.100.C.0123456789 R:0.00000 P:0.00000 F:0.00000
0123456789 ROUGE-4 Eval D1014-A.M.100.C.0123456789 R:0.00000 P:0.00000 F:0.00000
0123456789 ROUGE-4 Eval D1015-A.M.100.C.0123456789 R:0.00000 P:0.00000 F:0.00000
0123456789 ROUGE-4 Eval D1016-A.M.100.C.0123456789 R:0.00000 P:0.00000 F:0.00000
0123456789 ROUGE-4 Eval D1017-A.M.100.D.0123456789 R:0.00000 P:0.00000 F:0.00000
0123456789 ROUGE-4 Eval D1018-A.M.100.D.0123456789 R:0.01887 P:0.02000 F:0.01942
0123456789 ROUGE-4 Eval D1019-A.M.100.D.0123456789 R:0.00000 P:0.00000 F:0.00000
0123456789 ROUGE-4 Eval D1020-A.M.100.D.0123456789 R:0.00000 P:0.00000 F:0.00000
0123456789 ROUGE-4 Eval D1021-A.M.100.D.0123456789 R:0.00000 P:0.00000 F:0.00000
0123456789 ROUGE-4 Eval D1022-A.M.100.D.0123456789 R:0.00000 P:0.00000 F:0.00000
0123456789 ROUGE-4 Eval D1023-A.M.100.E.0123456789 R:0.00000 P:0.00000 F:0.00000
0123456789 ROUGE-4 Eval D1024-A.M.100.E.0123456789 R:0.01562 P:0.01667 F:0.01613
0123456789 ROUGE-4 Eval D1025-A.M.100.E.0123456789 R:0.00000 P:0.00000 F:0.00000
0123456789 ROUGE-4 Eval D1026-A.M.100.E.0123456789 R:0.00000 P:0.00000 F:0.00000
0123456789 ROUGE-4 Eval D1027-A.M.100.E.0123456789 R:0.00000 P:0.00000 F:0.00000
0123456789 ROUGE-4 Eval D1028-A.M.100.E.0123456789 R:0.00000 P:0.00000 F:0.00000
0123456789 ROUGE-4 Eval D1029-A.M.100.F.0123456789 R:0.00000 P:0.00000 F:0.00000
0123456789 ROUGE-4 Eval D1030-A.M.100.F.0123456789 R:0.00000 P:0.00000 F:0.00000
0123456789 ROUGE-4 Eval D1031-A.M.100.F.0123456789 R:0.00000 P:0.00000 F:0.00000
0123456789 ROUGE-4 Eval D1032-A.M.100.F.0123456789 R:0.00000 P:0.00000 F:0.00000
0123456789 ROUGE-4 Eval D1033-A.M.100.F.0123456789 R:0.01724 P:0.01754 F:0.01739
0123456789 ROUGE-4 Eval D1034-A.M.100.F.0123456789 R:0.00000 P:0.00000 F:0.00000
0123456789 ROUGE-4 Eval D1035-A.M.100.G.0123456789 R:0.00000 P:0.00000 F:0.00000
0123456789 ROUGE-4 Eval D1036-A.M.100.G.0123456789 R:0.00000 P:0.00000 F:0.00000
0123456789 ROUGE-4 Eval D1037-A.M.100.G.0123456789 R:0.00000 P:0.00000 F:0.00000
0123456789 ROUGE-4 Eval D1038-A.M.100.G.0123456789 R:0.00000 P:0.00000 F:0.00000
0123456789 ROUGE-4 Eval D1039-A.M.100.G.0123456789 R:0.00000 P:0.00000 F:0.00000
0123456789 ROUGE-4 Eval D1040-A.M.100.G.0123456789 R:0.01786 P:0.01961 F:0.01869
0123456789 ROUGE-4 Eval D1041-A.M.100.H.0123456789 R:0.01695 P:0.02041 F:0.01852
0123456789 ROUGE-4 Eval D1042-A.M.100.H.0123456789 R:0.00000 P:0.00000 F:0.00000
0123456789 ROUGE-4 Eval D1043-A.M.100.H.0123456789 R:0.10714 P:0.09375 F:0.10000
0123456789 ROUGE-4 Eval D1044-A.M.100.H.0123456789 R:0.01852 P:0.01786 F:0.01818
0123456789 ROUGE-4 Eval D1045-A.M.100.H.0123456789 R:0.00000 P:0.00000 F:0.00000
0123456789 ROUGE-4 Eval D1046-A.M.100.H.0123456789 R:0.00000 P:0.00000 F:0.00000
