---------------------------------------------
08B6D95UEL ROUGE-1 Average_R: 0.00000 (95%-conf.int. 0.00000 - 0.00000)
08B6D95UEL ROUGE-1 Average_P: 0.00000 (95%-conf.int. 0.00000 - 0.00000)
08B6D95UEL ROUGE-1 Average_F: 0.00000 (95%-conf.int. 0.00000 - 0.00000)
.............................................
08B6D95UEL ROUGE-1 Eval D1007-A.M.100.08B6D95UEL R:0.00000 P:0.00000 F:0.00000
---------------------------------------------
08B6D95UEL ROUGE-2 Average_R: 0.00000 (95%-conf.int. 0.00000 - 0.00000)
08B6D95UEL ROUGE-2 Average_P: 0.00000 (95%-conf.int. 0.00000 - 0.00000)
08B6D95UEL ROUGE-2 Average_F: 0.00000 (95%-conf.int. 0.00000 - 0.00000)
.............................................
08B6D95UEL ROUGE-2 Eval D1007-A.M.100.08B6D95UEL R:0.00000 P:0.00000 F:0.00000
---------------------------------------------
08B6D95UEL ROUGE-3 Average_R: 0.00000 (95%-conf.int. 0.00000 - 0.00000)
08B6D95UEL ROUGE-3 Average_P: 0.00000 (95%-conf.int. 0.00000 - 0.00000)
08B6D95UEL ROUGE-3 Average_F: 0.00000 (95%-conf.int. 0.00000 - 0.00000)
.............................................
08B6D95UEL ROUGE-3 Eval D1007-A.M.100.08B6D95UEL R:0.00000 P:0.00000 F:0.00000
---------------------------------------------
08B6D95UEL ROUGE-4 Average_R: 0.00000 (95%-conf.int. 0.00000 - 0.00000)
08B6D95UEL ROUGE-4 Average_P: 0.00000 (95%-conf.int. 0.00000 - 0.00000)
08B6D95UEL ROUGE-4 Average_F: 0.00000 (95%-conf.int. 0.00000 - 0.00000)
.............................................
08B6D95UEL ROUGE-4 Eval D1007-A.M.100.08B6D95UEL R:0.00000 P:0.00000 F:0.00000
---------------------------------------------
0FJXJNAWTW ROUGE-1 Average_R: 0.00000 (95%-conf.int. 0.00000 - 0.00000)
0FJXJNAWTW ROUGE-1 Average_P: 0.00000 (95%-conf.int. 0.00000 - 0.00000)
0FJXJNAWTW ROUGE-1 Average_F: 0.00000 (95%-conf.int. 0.00000 - 0.00000)
.............................................
0FJXJNAWTW ROUGE-1 Eval D1017-A.M.100.0FJXJNAWTW R:0.00000 P:0.00000 F:0.00000
---------------------------------------------
0FJXJNAWTW ROUGE-2 Average_R: 0.00000 (95%-conf.int. 0.00000 - 0.00000)
0FJXJNAWTW ROUGE-2 Average_P: 0.00000 (95%-conf.int. 0.00000 - 0.00000)
0FJXJNAWTW ROUGE-2 Average_F: 0.00000 (95%-conf.int. 0.00000 - 0.00000)
.............................................
0FJXJNAWTW ROUGE-2 Eval D1017-A.M.100.0FJXJNAWTW R:0.00000 P:0.00000 F:0.00000
---------------------------------------------
0FJXJNAWTW ROUGE-3 Average_R: 0.00000 (95%-conf.int. 0.00000 - 0.00000)
0FJXJNAWTW ROUGE-3 Average_P: 0.00000 (95%-conf.int. 0.00000 - 0.00000)
0FJXJNAWTW ROUGE-3 Average_F: 0.00000 (95%-conf.int. 0.00000 - 0.00000)
.............................................
0FJXJNAWTW ROUGE-3 Eval D1017-A.M.100.0FJXJNAWTW R:0.00000 P:0.00000 F:0.00000
---------------------------------------------
0FJXJNAWTW ROUGE-4 Average_R: 0.00000 (95%-conf.int. 0.00000 - 0.00000)
0FJXJNAWTW ROUGE-4 Average_P: 0.00000 (95%-conf.int. 0.00000 - 0.00000)
0FJXJNAWTW ROUGE-4 Average_F: 0.00000 (95%-conf.int. 0.00000 - 0.00000)
.............................................
0FJXJNAWTW ROUGE-4 Eval D1017-A.M.100.0FJXJNAWTW R:0.00000 P:0.00000 F:0.00000
---------------------------------------------
0MW7JTXZ12 ROUGE-1 Average_R: 0.00000 (95%-conf.int. 0.00000 - 0.00000)
0MW7JTXZ12 ROUGE-1 Average_P: 0.00000 (95%-conf.int. 0.00000 - 0.00000)
0MW7JTXZ12 ROUGE-1 Average_F: 0.00000 (95%-conf.int. 0.00000 - 0.00000)
.............................................
0MW7JTXZ12 ROUGE-1 Eval D1045-A.M.100.0MW7JTXZ12 R:0.00000 P:0.00000 F:0.00000
---------------------------------------------
0MW7JTXZ12 ROUGE-2 Average_R: 0.00000 (95%-conf.int. 0.00000 - 0.00000)
0MW7JTXZ12 ROUGE-2 Average_P: 0.00000 (95%-conf.int. 0.00000 - 0.00000)
0MW7JTXZ12 ROUGE-2 Average_F: 0.00000 (95%-conf.int. 0.00000 - 0.00000)
.............................................
0MW7JTXZ12 ROUGE-2 Eval D1045-A.M.100.0MW7JTXZ12 R:0.00000 P:0.00000 F:0.00000
---------------------------------------------
0MW7JTXZ12 ROUGE-3 Average_R: 0.00000 (95%-conf.int. 0.00000 - 0.00000)
0MW7JTXZ12 ROUGE-3 Average_P: 0.00000 (95%-conf.int. 0.00000 - 0.00000)
0MW7JTXZ12 ROUGE-3 Average_F: 0.00000 (95%-conf.int. 0.00000 - 0.00000)
.............................................
0MW7JTXZ12 ROUGE-3 Eval D1045-A.M.100.0MW7JTXZ12 R:0.00000 P:0.00000 F:0.00000
---------------------------------------------
0MW7JTXZ12 ROUGE-4 Average_R: 0.00000 (95%-conf.int. 0.00000 - 0.00000)
0MW7JTXZ12 ROUGE-4 Average_P: 0.00000 (95%-conf.int. 0.00000 - 0.00000)
0MW7JTXZ12 ROUGE-4 Average_F: 0.00000 (95%-conf.int. 0.00000 - 0.00000)
.............................................
0MW7JTXZ12 ROUGE-4 Eval D1045-A.M.100.0MW7JTXZ12 R:0.00000 P:0.00000 F:0.00000
---------------------------------------------
0RDZH5ASN3 ROUGE-1 Average_R: 0.00000 (95%-conf.int. 0.00000 - 0.00000)
0RDZH5ASN3 ROUGE-1 Average_P: 0.00000 (95%-conf.int. 0.00000 - 0.00000)
0RDZH5ASN3 ROUGE-1 Average_F: 0.00000 (95%-conf.int. 0.00000 - 0.00000)
.............................................
0RDZH5ASN3 ROUGE-1 Eval D1044-A.M.100.0RDZH5ASN3 R:0.00000 P:0.00000 F:0.00000
---------------------------------------------
0RDZH5ASN3 ROUGE-2 Average_R: 0.00000 (95%-conf.int. 0.00000 - 0.00000)
0RDZH5ASN3 ROUGE-2 Average_P: 0.00000 (95%-conf.int. 0.00000 - 0.00000)
0RDZH5ASN3 ROUGE-2 Average_F: 0.00000 (95%-conf.int. 0.00000 - 0.00000)
.............................................
0RDZH5ASN3 ROUGE-2 Eval D1044-A.M.100.0RDZH5ASN3 R:0.00000 P:0.00000 F:0.00000
---------------------------------------------
0RDZH5ASN3 ROUGE-3 Average_R: 0.00000 (95%-conf.int. 0.00000 - 0.00000)
0RDZH5ASN3 ROUGE-3 Average_P: 0.00000 (95%-conf.int. 0.00000 - 0.00000)
0RDZH5ASN3 ROUGE-3 Average_F: 0.00000 (95%-conf.int. 0.00000 - 0.00000)
.............................................
0RDZH5ASN3 ROUGE-3 Eval D1044-A.M.100.0RDZH5ASN3 R:0.00000 P:0.00000 F:0.00000
---------------------------------------------
0RDZH5ASN3 ROUGE-4 Average_R: 0.00000 (95%-conf.int. 0.00000 - 0.00000)
0RDZH5ASN3 ROUGE-4 Average_P: 0.00000 (95%-conf.int. 0.00000 - 0.00000)
0RDZH5ASN3 ROUGE-4 Average_F: 0.00000 (95%-conf.int. 0.00000 - 0.00000)
.............................................
0RDZH5ASN3 ROUGE-4 Eval D1044-A.M.100.0RDZH5ASN3 R:0.00000 P:0.00000 F:0.00000
---------------------------------------------
1NUZAGQP12 ROUGE-1 Average_R: 0.00000 (95%-conf.int. 0.00000 - 0.00000)
1NUZAGQP12 ROUGE-1 Average_P: 0.00000 (95%-conf.int. 0.00000 - 0.00000)
1NUZAGQP12 ROUGE-1 Average_F: 0.00000 (95%-conf.int. 0.00000 - 0.00000)
.............................................
1NUZAGQP12 ROUGE-1 Eval D1030-A.M.100.1NUZAGQP12 R:0.00000 P:0.00000 F:0.00000
---------------------------------------------
1NUZAGQP12 ROUGE-2 Average_R: 0.00000 (95%-conf.int. 0.00000 - 0.00000)
1NUZAGQP12 ROUGE-2 Average_P: 0.00000 (95%-conf.int. 0.00000 - 0.00000)
1NUZAGQP12 ROUGE-2 Average_F: 0.00000 (95%-conf.int. 0.00000 - 0.00000)
.............................................
1NUZAGQP12 ROUGE-2 Eval D1030-A.M.100.1NUZAGQP12 R:0.00000 P:0.00000 F:0.00000
---------------------------------------------
1NUZAGQP12 ROUGE-3 Average_R: 0.00000 (95%-conf.int. 0.00000 - 0.00000)
1NUZAGQP12 ROUGE-3 Average_P: 0.00000 (95%-conf.int. 0.00000 - 0.00000)
1NUZAGQP12 ROUGE-3 Average_F: 0.00000 (95%-conf.int. 0.00000 - 0.00000)
.............................................
1NUZAGQP12 ROUGE-3 Eval D1030-A.M.100.1NUZAGQP12 R:0.00000 P:0.00000 F:0.00000
---------------------------------------------
1NUZAGQP12 ROUGE-4 Average_R: 0.00000 (95%-conf.int. 0.00000 - 0.00000)
1NUZAGQP12 ROUGE-4 Average_P: 0.00000 (95%-conf.int. 0.00000 - 0.00000)
1NUZAGQP12 ROUGE-4 Average_F: 0.00000 (95%-conf.int. 0.00000 - 0.00000)
.............................................
1NUZAGQP12 ROUGE-4 Eval D1030-A.M.100.1NUZAGQP12 R:0.00000 P:0.00000 F:0.00000
---------------------------------------------
23593T3HNQ ROUGE-1 Average_R: 0.00000 (95%-conf.int. 0.00000 - 0.00000)
23593T3HNQ ROUGE-1 Average_P: 0.00000 (95%-conf.int. 0.00000 - 0.00000)
23593T3HNQ ROUGE-1 Average_F: 0.00000 (95%-conf.int. 0.00000 - 0.00000)
.............................................
23593T3HNQ ROUGE-1 Eval D1026-A.M.100.23593T3HNQ R:0.00000 P:0.00000 F:0.00000
---------------------------------------------
23593T3HNQ ROUGE-2 Average_R: 0.00000 (95%-conf.int. 0.00000 - 0.00000)
23593T3HNQ ROUGE-2 Average_P: 0.00000 (95%-conf.int. 0.00000 - 0.00000)
23593T3HNQ ROUGE-2 Average_F: 0.00000 (95%-conf.int. 0.00000 - 0.00000)
.............................................
23593T3HNQ ROUGE-2 Eval D1026-A.M.100.23593T3HNQ R:0.00000 P:0.00000 F:0.00000
---------------------------------------------
23593T3HNQ ROUGE-3 Average_R: 0.00000 (95%-conf.int. 0.00000 - 0.00000)
23593T3HNQ ROUGE-3 Average_P: 0.00000 (95%-conf.int. 0.00000 - 0.00000)
23593T3HNQ ROUGE-3 Average_F: 0.00000 (95%-conf.int. 0.00000 - 0.00000)
.............................................
23593T3HNQ ROUGE-3 Eval D1026-A.M.100.23593T3HNQ R:0.00000 P:0.00000 F:0.00000
---------------------------------------------
23593T3HNQ ROUGE-4 Average_R: 0.00000 (95%-conf.int. 0.00000 - 0.00000)
23593T3HNQ ROUGE-4 Average_P: 0.00000 (95%-conf.int. 0.00000 - 0.00000)
23593T3HNQ ROUGE-4 Average_F: 0.00000 (95%-conf.int. 0.00000 - 0.00000)
.............................................
23593T3HNQ ROUGE-4 Eval D1026-A.M.100.23593T3HNQ R:0.00000 P:0.00000 F:0.00000
---------------------------------------------
270H8X6YY0 ROUGE-1 Average_R: 0.00000 (95%-conf.int. 0.00000 - 0.00000)
270H8X6YY0 ROUGE-1 Average_P: 0.00000 (95%-conf.int. 0.00000 - 0.00000)
270H8X6YY0 ROUGE-1 Average_F: 0.00000 (95%-conf.int. 0.00000 - 0.00000)
.............................................
270H8X6YY0 ROUGE-1 Eval D1006-A.M.100.270H8X6YY0 R:0.00000 P:0.00000 F:0.00000
---------------------------------------------
270H8X6YY0 ROUGE-2 Average_R: 0.00000 (95%-conf.int. 0.00000 - 0.00000)
270H8X6YY0 ROUGE-2 Average_P: 0.00000 (95%-conf.int. 0.00000 - 0.00000)
270H8X6YY0 ROUGE-2 Average_F: 0.00000 (95%-conf.int. 0.00000 - 0.00000)
.............................................
270H8X6YY0 ROUGE-2 Eval D1006-A.M.100.270H8X6YY0 R:0.00000 P:0.00000 F:0.00000
---------------------------------------------
270H8X6YY0 ROUGE-3 Average_R: 0.00000 (95%-conf.int. 0.00000 - 0.00000)
270H8X6YY0 ROUGE-3 Average_P: 0.00000 (95%-conf.int. 0.00000 - 0.00000)
270H8X6YY0 ROUGE-3 Average_F: 0.00000 (95%-conf.int. 0.00000 - 0.00000)
.............................................
270H8X6YY0 ROUGE-3 Eval D1006-A.M.100.270H8X6YY0 R:0.00000 P:0.00000 F:0.00000
---------------------------------------------
270H8X6YY0 ROUGE-4 Average_R: 0.00000 (95%-conf.int. 0.00000 - 0.00000)
270H8X6YY0 ROUGE-4 Average_P: 0.00000 (95%-conf.int. 0.00000 - 0.00000)
270H8X6YY0 ROUGE-4 Average_F: 0.00000 (95%-conf.int. 0.00000 - 0.00000)
.............................................
270H8X6YY0 ROUGE-4 Eval D1006-A.M.100.270H8X6YY0 R:0.00000 P:0.00000 F:0.00000
---------------------------------------------
293JKZV8BA ROUGE-1 Average_R: 0.00000 (95%-conf.int. 0.00000 - 0.00000)
293JKZV8BA ROUGE-1 Average_P: 0.00000 (95%-conf.int. 0.00000 - 0.00000)
293JKZV8BA ROUGE-1 Average_F: 0.00000 (95%-conf.int. 0.00000 - 0.00000)
.............................................
293JKZV8BA ROUGE-1 Eval D1009-A.M.100.293JKZV8BA R:0.00000 P:0.00000 F:0.00000
---------------------------------------------
293JKZV8BA ROUGE-2 Average_R: 0.00000 (95%-conf.int. 0.00000 - 0.00000)
293JKZV8BA ROUGE-2 Average_P: 0.00000 (95%-conf.int. 0.00000 - 0.00000)
293JKZV8BA ROUGE-2 Average_F: 0.00000 (95%-conf.int. 0.00000 - 0.00000)
.............................................
293JKZV8BA ROUGE-2 Eval D1009-A.M.100.293JKZV8BA R:0.00000 P:0.00000 F:0.00000
---------------------------------------------
293JKZV8BA ROUGE-3 Average_R: 0.00000 (95%-conf.int. 0.00000 - 0.00000)
293JKZV8BA ROUGE-3 Average_P: 0.00000 (95%-conf.int. 0.00000 - 0.00000)
293JKZV8BA ROUGE-3 Average_F: 0.00000 (95%-conf.int. 0.00000 - 0.00000)
.............................................
293JKZV8BA ROUGE-3 Eval D1009-A.M.100.293JKZV8BA R:0.00000 P:0.00000 F:0.00000
---------------------------------------------
293JKZV8BA ROUGE-4 Average_R: 0.00000 (95%-conf.int. 0.00000 - 0.00000)
293JKZV8BA ROUGE-4 Average_P: 0.00000 (95%-conf.int. 0.00000 - 0.00000)
293JKZV8BA ROUGE-4 Average_F: 0.00000 (95%-conf.int. 0.00000 - 0.00000)
.............................................
293JKZV8BA ROUGE-4 Eval D1009-A.M.100.293JKZV8BA R:0.00000 P:0.00000 F:0.00000
---------------------------------------------
2PB6XX2MVB ROUGE-1 Average_R: 0.00000 (95%-conf.int. 0.00000 - 0.00000)
2PB6XX2MVB ROUGE-1 Average_P: 0.00000 (95%-conf.int. 0.00000 - 0.00000)
2PB6XX2MVB ROUGE-1 Average_F: 0.00000 (95%-conf.int. 0.00000 - 0.00000)
.............................................
2PB6XX2MVB ROUGE-1 Eval D1018-A.M.100.2PB6XX2MVB R:0.00000 P:0.00000 F:0.00000
---------------------------------------------
2PB6XX2MVB ROUGE-2 Average_R: 0.00000 (95%-conf.int. 0.00000 - 0.00000)
2PB6XX2MVB ROUGE-2 Average_P: 0.00000 (95%-conf.int. 0.00000 - 0.00000)
2PB6XX2MVB ROUGE-2 Average_F: 0.00000 (95%-conf.int. 0.00000 - 0.00000)
.............................................
2PB6XX2MVB ROUGE-2 Eval D1018-A.M.100.2PB6XX2MVB R:0.00000 P:0.00000 F:0.00000
---------------------------------------------
2PB6XX2MVB ROUGE-3 Average_R: 0.00000 (95%-conf.int. 0.00000 - 0.00000)
2PB6XX2MVB ROUGE-3 Average_P: 0.00000 (95%-conf.int. 0.00000 - 0.00000)
2PB6XX2MVB ROUGE-3 Average_F: 0.00000 (95%-conf.int. 0.00000 - 0.00000)
.............................................
2PB6XX2MVB ROUGE-3 Eval D1018-A.M.100.2PB6XX2MVB R:0.00000 P:0.00000 F:0.00000
---------------------------------------------
2PB6XX2MVB ROUGE-4 Average_R: 0.00000 (95%-conf.int. 0.00000 - 0.00000)
2PB6XX2MVB ROUGE-4 Average_P: 0.00000 (95%-conf.int. 0.00000 - 0.00000)
2PB6XX2MVB ROUGE-4 Average_F: 0.00000 (95%-conf.int. 0.00000 - 0.00000)
.............................................
2PB6XX2MVB ROUGE-4 Eval D1018-A.M.100.2PB6XX2MVB R:0.00000 P:0.00000 F:0.00000
---------------------------------------------
2WP316JBAO ROUGE-1 Average_R: 0.00000 (95%-conf.int. 0.00000 - 0.00000)
2WP316JBAO ROUGE-1 Average_P: 0.00000 (95%-conf.int. 0.00000 - 0.00000)
2WP316JBAO ROUGE-1 Average_F: 0.00000 (95%-conf.int. 0.00000 - 0.00000)
.............................................
2WP316JBAO ROUGE-1 Eval D1046-A.M.100.2WP316JBAO R:0.00000 P:0.00000 F:0.00000
---------------------------------------------
2WP316JBAO ROUGE-2 Average_R: 0.00000 (95%-conf.int. 0.00000 - 0.00000)
2WP316JBAO ROUGE-2 Average_P: 0.00000 (95%-conf.int. 0.00000 - 0.00000)
2WP316JBAO ROUGE-2 Average_F: 0.00000 (95%-conf.int. 0.00000 - 0.00000)
.............................................
2WP316JBAO ROUGE-2 Eval D1046-A.M.100.2WP316JBAO R:0.00000 P:0.00000 F:0.00000
---------------------------------------------
2WP316JBAO ROUGE-3 Average_R: 0.00000 (95%-conf.int. 0.00000 - 0.00000)
2WP316JBAO ROUGE-3 Average_P: 0.00000 (95%-conf.int. 0.00000 - 0.00000)
2WP316JBAO ROUGE-3 Average_F: 0.00000 (95%-conf.int. 0.00000 - 0.00000)
.............................................
2WP316JBAO ROUGE-3 Eval D1046-A.M.100.2WP316JBAO R:0.00000 P:0.00000 F:0.00000
---------------------------------------------
2WP316JBAO ROUGE-4 Average_R: 0.00000 (95%-conf.int. 0.00000 - 0.00000)
2WP316JBAO ROUGE-4 Average_P: 0.00000 (95%-conf.int. 0.00000 - 0.00000)
2WP316JBAO ROUGE-4 Average_F: 0.00000 (95%-conf.int. 0.00000 - 0.00000)
.............................................
2WP316JBAO ROUGE-4 Eval D1046-A.M.100.2WP316JBAO R:0.00000 P:0.00000 F:0.00000
---------------------------------------------
3DDXVIWN1N ROUGE-1 Average_R: 0.00000 (95%-conf.int. 0.00000 - 0.00000)
3DDXVIWN1N ROUGE-1 Average_P: 0.00000 (95%-conf.int. 0.00000 - 0.00000)
3DDXVIWN1N ROUGE-1 Average_F: 0.00000 (95%-conf.int. 0.00000 - 0.00000)
.............................................
3DDXVIWN1N ROUGE-1 Eval D1022-A.M.100.3DDXVIWN1N R:0.00000 P:0.00000 F:0.00000
---------------------------------------------
3DDXVIWN1N ROUGE-2 Average_R: 0.00000 (95%-conf.int. 0.00000 - 0.00000)
3DDXVIWN1N ROUGE-2 Average_P: 0.00000 (95%-conf.int. 0.00000 - 0.00000)
3DDXVIWN1N ROUGE-2 Average_F: 0.00000 (95%-conf.int. 0.00000 - 0.00000)
.............................................
3DDXVIWN1N ROUGE-2 Eval D1022-A.M.100.3DDXVIWN1N R:0.00000 P:0.00000 F:0.00000
---------------------------------------------
3DDXVIWN1N ROUGE-3 Average_R: 0.00000 (95%-conf.int. 0.00000 - 0.00000)
3DDXVIWN1N ROUGE-3 Average_P: 0.00000 (95%-conf.int. 0.00000 - 0.00000)
3DDXVIWN1N ROUGE-3 Average_F: 0.00000 (95%-conf.int. 0.00000 - 0.00000)
.............................................
3DDXVIWN1N ROUGE-3 Eval D1022-A.M.100.3DDXVIWN1N R:0.00000 P:0.00000 F:0.00000
---------------------------------------------
3DDXVIWN1N ROUGE-4 Average_R: 0.00000 (95%-conf.int. 0.00000 - 0.00000)
3DDXVIWN1N ROUGE-4 Average_P: 0.00000 (95%-conf.int. 0.00000 - 0.00000)
3DDXVIWN1N ROUGE-4 Average_F: 0.00000 (95%-conf.int. 0.00000 - 0.00000)
.............................................
3DDXVIWN1N ROUGE-4 Eval D1022-A.M.100.3DDXVIWN1N R:0.00000 P:0.00000 F:0.00000
---------------------------------------------
3P0DN6B36L ROUGE-1 Average_R: 0.00000 (95%-conf.int. 0.00000 - 0.00000)
3P0DN6B36L ROUGE-1 Average_P: 0.00000 (95%-conf.int. 0.00000 - 0.00000)
3P0DN6B36L ROUGE-1 Average_F: 0.00000 (95%-conf.int. 0.00000 - 0.00000)
.............................................
3P0DN6B36L ROUGE-1 Eval D1033-A.M.100.3P0DN6B36L R:0.00000 P:0.00000 F:0.00000
---------------------------------------------
3P0DN6B36L ROUGE-2 Average_R: 0.00000 (95%-conf.int. 0.00000 - 0.00000)
3P0DN6B36L ROUGE-2 Average_P: 0.00000 (95%-conf.int. 0.00000 - 0.00000)
3P0DN6B36L ROUGE-2 Average_F: 0.00000 (95%-conf.int. 0.00000 - 0.00000)
.............................................
3P0DN6B36L ROUGE-2 Eval D1033-A.M.100.3P0DN6B36L R:0.00000 P:0.00000 F:0.00000
---------------------------------------------
3P0DN6B36L ROUGE-3 Average_R: 0.00000 (95%-conf.int. 0.00000 - 0.00000)
3P0DN6B36L ROUGE-3 Average_P: 0.00000 (95%-conf.int. 0.00000 - 0.00000)
3P0DN6B36L ROUGE-3 Average_F: 0.00000 (95%-conf.int. 0.00000 - 0.00000)
.............................................
3P0DN6B36L ROUGE-3 Eval D1033-A.M.100.3P0DN6B36L R:0.00000 P:0.00000 F:0.00000
---------------------------------------------
3P0DN6B36L ROUGE-4 Average_R: 0.00000 (95%-conf.int. 0.00000 - 0.00000)
3P0DN6B36L ROUGE-4 Average_P: 0.00000 (95%-conf.int. 0.00000 - 0.00000)
3P0DN6B36L ROUGE-4 Average_F: 0.00000 (95%-conf.int. 0.00000 - 0.00000)
.............................................
3P0DN6B36L ROUGE-4 Eval D1033-A.M.100.3P0DN6B36L R:0.00000 P:0.00000 F:0.00000
---------------------------------------------
3PPIT5UBHZ ROUGE-1 Average_R: 0.00000 (95%-conf.int. 0.00000 - 0.00000)
3PPIT5UBHZ ROUGE-1 Average_P: 0.00000 (95%-conf.int. 0.00000 - 0.00000)
3PPIT5UBHZ ROUGE-1 Average_F: 0.00000 (95%-conf.int. 0.00000 - 0.00000)
.............................................
3PPIT5UBHZ ROUGE-1 Eval D1037-A.M.100.3PPIT5UBHZ R:0.00000 P:0.00000 F:0.00000
---------------------------------------------
3PPIT5UBHZ ROUGE-2 Average_R: 0.00000 (95%-conf.int. 0.00000 - 0.00000)
3PPIT5UBHZ ROUGE-2 Average_P: 0.00000 (95%-conf.int. 0.00000 - 0.00000)
3PPIT5UBHZ ROUGE-2 Average_F: 0.00000 (95%-conf.int. 0.00000 - 0.00000)
.............................................
3PPIT5UBHZ ROUGE-2 Eval D1037-A.M.100.3PPIT5UBHZ R:0.00000 P:0.00000 F:0.00000
---------------------------------------------
3PPIT5UBHZ ROUGE-3 Average_R: 0.00000 (95%-conf.int. 0.00000 - 0.00000)
3PPIT5UBHZ ROUGE-3 Average_P: 0.00000 (95%-conf.int. 0.00000 - 0.00000)
3PPIT5UBHZ ROUGE-3 Average_F: 0.00000 (95%-conf.int. 0.00000 - 0.00000)
.............................................
3PPIT5UBHZ ROUGE-3 Eval D1037-A.M.100.3PPIT5UBHZ R:0.00000 P:0.00000 F:0.00000
---------------------------------------------
3PPIT5UBHZ ROUGE-4 Average_R: 0.00000 (95%-conf.int. 0.00000 - 0.00000)
3PPIT5UBHZ ROUGE-4 Average_P: 0.00000 (95%-conf.int. 0.00000 - 0.00000)
3PPIT5UBHZ ROUGE-4 Average_F: 0.00000 (95%-conf.int. 0.00000 - 0.00000)
.............................................
3PPIT5UBHZ ROUGE-4 Eval D1037-A.M.100.3PPIT5UBHZ R:0.00000 P:0.00000 F:0.00000
---------------------------------------------
450MBAT5WR ROUGE-1 Average_R: 0.00000 (95%-conf.int. 0.00000 - 0.00000)
450MBAT5WR ROUGE-1 Average_P: 0.00000 (95%-conf.int. 0.00000 - 0.00000)
450MBAT5WR ROUGE-1 Average_F: 0.00000 (95%-conf.int. 0.00000 - 0.00000)
.............................................
450MBAT5WR ROUGE-1 Eval D1024-A.M.100.450MBAT5WR R:0.00000 P:0.00000 F:0.00000
---------------------------------------------
450MBAT5WR ROUGE-2 Average_R: 0.00000 (95%-conf.int. 0.00000 - 0.00000)
450MBAT5WR ROUGE-2 Average_P: 0.00000 (95%-conf.int. 0.00000 - 0.00000)
450MBAT5WR ROUGE-2 Average_F: 0.00000 (95%-conf.int. 0.00000 - 0.00000)
.............................................
450MBAT5WR ROUGE-2 Eval D1024-A.M.100.450MBAT5WR R:0.00000 P:0.00000 F:0.00000
---------------------------------------------
450MBAT5WR ROUGE-3 Average_R: 0.00000 (95%-conf.int. 0.00000 - 0.00000)
450MBAT5WR ROUGE-3 Average_P: 0.00000 (95%-conf.int. 0.00000 - 0.00000)
450MBAT5WR ROUGE-3 Average_F: 0.00000 (95%-conf.int. 0.00000 - 0.00000)
.............................................
450MBAT5WR ROUGE-3 Eval D1024-A.M.100.450MBAT5WR R:0.00000 P:0.00000 F:0.00000
---------------------------------------------
450MBAT5WR ROUGE-4 Average_R: 0.00000 (95%-conf.int. 0.00000 - 0.00000)
450MBAT5WR ROUGE-4 Average_P: 0.00000 (95%-conf.int. 0.00000 - 0.00000)
450MBAT5WR ROUGE-4 Average_F: 0.00000 (95%-conf.int. 0.00000 - 0.00000)
.............................................
450MBAT5WR ROUGE-4 Eval D1024-A.M.100.450MBAT5WR R:0.00000 P:0.00000 F:0.00000
---------------------------------------------
4ONIYK5BSR ROUGE-1 Average_R: 0.00000 (95%-conf.int. 0.00000 - 0.00000)
4ONIYK5BSR ROUGE-1 Average_P: 0.00000 (95%-conf.int. 0.00000 - 0.00000)
4ONIYK5BSR ROUGE-1 Average_F: 0.00000 (95%-conf.int. 0.00000 - 0.00000)
.............................................
4ONIYK5BSR ROUGE-1 Eval D1042-A.M.100.4ONIYK5BSR R:0.00000 P:0.00000 F:0.00000
---------------------------------------------
4ONIYK5BSR ROUGE-2 Average_R: 0.00000 (95%-conf.int. 0.00000 - 0.00000)
4ONIYK5BSR ROUGE-2 Average_P: 0.00000 (95%-conf.int. 0.00000 - 0.00000)
4ONIYK5BSR ROUGE-2 Average_F: 0.00000 (95%-conf.int. 0.00000 - 0.00000)
.............................................
4ONIYK5BSR ROUGE-2 Eval D1042-A.M.100.4ONIYK5BSR R:0.00000 P:0.00000 F:0.00000
---------------------------------------------
4ONIYK5BSR ROUGE-3 Average_R: 0.00000 (95%-conf.int. 0.00000 - 0.00000)
4ONIYK5BSR ROUGE-3 Average_P: 0.00000 (95%-conf.int. 0.00000 - 0.00000)
4ONIYK5BSR ROUGE-3 Average_F: 0.00000 (95%-conf.int. 0.00000 - 0.00000)
.............................................
4ONIYK5BSR ROUGE-3 Eval D1042-A.M.100.4ONIYK5BSR R:0.00000 P:0.00000 F:0.00000
---------------------------------------------
4ONIYK5BSR ROUGE-4 Average_R: 0.00000 (95%-conf.int. 0.00000 - 0.00000)
4ONIYK5BSR ROUGE-4 Average_P: 0.00000 (95%-conf.int. 0.00000 - 0.00000)
4ONIYK5BSR ROUGE-4 Average_F: 0.00000 (95%-conf.int. 0.00000 - 0.00000)
.............................................
4ONIYK5BSR ROUGE-4 Eval D1042-A.M.100.4ONIYK5BSR R:0.00000 P:0.00000 F:0.00000
---------------------------------------------
5IKIUUUPKC ROUGE-1 Average_R: 0.00000 (95%-conf.int. 0.00000 - 0.00000)
5IKIUUUPKC ROUGE-1 Average_P: 0.00000 (95%-conf.int. 0.00000 - 0.00000)
5IKIUUUPKC ROUGE-1 Average_F: 0.00000 (95%-conf.int. 0.00000 - 0.00000)
.............................................
5IKIUUUPKC ROUGE-1 Eval D1019-A.M.100.5IKIUUUPKC R:0.00000 P:0.00000 F:0.00000
---------------------------------------------
5IKIUUUPKC ROUGE-2 Average_R: 0.00000 (95%-conf.int. 0.00000 - 0.00000)
5IKIUUUPKC ROUGE-2 Average_P: 0.00000 (95%-conf.int. 0.00000 - 0.00000)
5IKIUUUPKC ROUGE-2 Average_F: 0.00000 (95%-conf.int. 0.00000 - 0.00000)
.............................................
5IKIUUUPKC ROUGE-2 Eval D1019-A.M.100.5IKIUUUPKC R:0.00000 P:0.00000 F:0.00000
---------------------------------------------
5IKIUUUPKC ROUGE-3 Average_R: 0.00000 (95%-conf.int. 0.00000 - 0.00000)
5IKIUUUPKC ROUGE-3 Average_P: 0.00000 (95%-conf.int. 0.00000 - 0.00000)
5IKIUUUPKC ROUGE-3 Average_F: 0.00000 (95%-conf.int. 0.00000 - 0.00000)
.............................................
5IKIUUUPKC ROUGE-3 Eval D1019-A.M.100.5IKIUUUPKC R:0.00000 P:0.00000 F:0.00000
---------------------------------------------
5IKIUUUPKC ROUGE-4 Average_R: 0.00000 (95%-conf.int. 0.00000 - 0.00000)
5IKIUUUPKC ROUGE-4 Average_P: 0.00000 (95%-conf.int. 0.00000 - 0.00000)
5IKIUUUPKC ROUGE-4 Average_F: 0.00000 (95%-conf.int. 0.00000 - 0.00000)
.............................................
5IKIUUUPKC ROUGE-4 Eval D1019-A.M.100.5IKIUUUPKC R:0.00000 P:0.00000 F:0.00000
---------------------------------------------
69X92SYBZK ROUGE-1 Average_R: 0.00000 (95%-conf.int. 0.00000 - 0.00000)
69X92SYBZK ROUGE-1 Average_P: 0.00000 (95%-conf.int. 0.00000 - 0.00000)
69X92SYBZK ROUGE-1 Average_F: 0.00000 (95%-conf.int. 0.00000 - 0.00000)
.............................................
69X92SYBZK ROUGE-1 Eval D1020-A.M.100.69X92SYBZK R:0.00000 P:0.00000 F:0.00000
---------------------------------------------
69X92SYBZK ROUGE-2 Average_R: 0.00000 (95%-conf.int. 0.00000 - 0.00000)
69X92SYBZK ROUGE-2 Average_P: 0.00000 (95%-conf.int. 0.00000 - 0.00000)
69X92SYBZK ROUGE-2 Average_F: 0.00000 (95%-conf.int. 0.00000 - 0.00000)
.............................................
69X92SYBZK ROUGE-2 Eval D1020-A.M.100.69X92SYBZK R:0.00000 P:0.00000 F:0.00000
---------------------------------------------
69X92SYBZK ROUGE-3 Average_R: 0.00000 (95%-conf.int. 0.00000 - 0.00000)
69X92SYBZK ROUGE-3 Average_P: 0.00000 (95%-conf.int. 0.00000 - 0.00000)
69X92SYBZK ROUGE-3 Average_F: 0.00000 (95%-conf.int. 0.00000 - 0.00000)
.............................................
69X92SYBZK ROUGE-3 Eval D1020-A.M.100.69X92SYBZK R:0.00000 P:0.00000 F:0.00000
---------------------------------------------
69X92SYBZK ROUGE-4 Average_R: 0.00000 (95%-conf.int. 0.00000 - 0.00000)
69X92SYBZK ROUGE-4 Average_P: 0.00000 (95%-conf.int. 0.00000 - 0.00000)
69X92SYBZK ROUGE-4 Average_F: 0.00000 (95%-conf.int. 0.00000 - 0.00000)
.............................................
69X92SYBZK ROUGE-4 Eval D1020-A.M.100.69X92SYBZK R:0.00000 P:0.00000 F:0.00000
---------------------------------------------
8Q2IHHXQOL ROUGE-1 Average_R: 0.00000 (95%-conf.int. 0.00000 - 0.00000)
8Q2IHHXQOL ROUGE-1 Average_P: 0.00000 (95%-conf.int. 0.00000 - 0.00000)
8Q2IHHXQOL ROUGE-1 Average_F: 0.00000 (95%-conf.int. 0.00000 - 0.00000)
.............................................
8Q2IHHXQOL ROUGE-1 Eval D1038-A.M.100.8Q2IHHXQOL R:0.00000 P:0.00000 F:0.00000
---------------------------------------------
8Q2IHHXQOL ROUGE-2 Average_R: 0.00000 (95%-conf.int. 0.00000 - 0.00000)
8Q2IHHXQOL ROUGE-2 Average_P: 0.00000 (95%-conf.int. 0.00000 - 0.00000)
8Q2IHHXQOL ROUGE-2 Average_F: 0.00000 (95%-conf.int. 0.00000 - 0.00000)
.............................................
8Q2IHHXQOL ROUGE-2 Eval D1038-A.M.100.8Q2IHHXQOL R:0.00000 P:0.00000 F:0.00000
---------------------------------------------
8Q2IHHXQOL ROUGE-3 Average_R: 0.00000 (95%-conf.int. 0.00000 - 0.00000)
8Q2IHHXQOL ROUGE-3 Average_P: 0.00000 (95%-conf.int. 0.00000 - 0.00000)
8Q2IHHXQOL ROUGE-3 Average_F: 0.00000 (95%-conf.int. 0.00000 - 0.00000)
.............................................
8Q2IHHXQOL ROUGE-3 Eval D1038-A.M.100.8Q2IHHXQOL R:0.00000 P:0.00000 F:0.00000
---------------------------------------------
8Q2IHHXQOL ROUGE-4 Average_R: 0.00000 (95%-conf.int. 0.00000 - 0.00000)
8Q2IHHXQOL ROUGE-4 Average_P: 0.00000 (95%-conf.int. 0.00000 - 0.00000)
8Q2IHHXQOL ROUGE-4 Average_F: 0.00000 (95%-conf.int. 0.00000 - 0.00000)
.............................................
8Q2IHHXQOL ROUGE-4 Eval D1038-A.M.100.8Q2IHHXQOL R:0.00000 P:0.00000 F:0.00000
---------------------------------------------
9Y1MM18CB5 ROUGE-1 Average_R: 0.00000 (95%-conf.int. 0.00000 - 0.00000)
9Y1MM18CB5 ROUGE-1 Average_P: 0.00000 (95%-conf.int. 0.00000 - 0.00000)
9Y1MM18CB5 ROUGE-1 Average_F: 0.00000 (95%-conf.int. 0.00000 - 0.00000)
.............................................
9Y1MM18CB5 ROUGE-1 Eval D1016-A.M.100.9Y1MM18CB5 R:0.00000 P:0.00000 F:0.00000
---------------------------------------------
9Y1MM18CB5 ROUGE-2 Average_R: 0.00000 (95%-conf.int. 0.00000 - 0.00000)
9Y1MM18CB5 ROUGE-2 Average_P: 0.00000 (95%-conf.int. 0.00000 - 0.00000)
9Y1MM18CB5 ROUGE-2 Average_F: 0.00000 (95%-conf.int. 0.00000 - 0.00000)
.............................................
9Y1MM18CB5 ROUGE-2 Eval D1016-A.M.100.9Y1MM18CB5 R:0.00000 P:0.00000 F:0.00000
---------------------------------------------
9Y1MM18CB5 ROUGE-3 Average_R: 0.00000 (95%-conf.int. 0.00000 - 0.00000)
9Y1MM18CB5 ROUGE-3 Average_P: 0.00000 (95%-conf.int. 0.00000 - 0.00000)
9Y1MM18CB5 ROUGE-3 Average_F: 0.00000 (95%-conf.int. 0.00000 - 0.00000)
.............................................
9Y1MM18CB5 ROUGE-3 Eval D1016-A.M.100.9Y1MM18CB5 R:0.00000 P:0.00000 F:0.00000
---------------------------------------------
9Y1MM18CB5 ROUGE-4 Average_R: 0.00000 (95%-conf.int. 0.00000 - 0.00000)
9Y1MM18CB5 ROUGE-4 Average_P: 0.00000 (95%-conf.int. 0.00000 - 0.00000)
9Y1MM18CB5 ROUGE-4 Average_F: 0.00000 (95%-conf.int. 0.00000 - 0.00000)
.............................................
9Y1MM18CB5 ROUGE-4 Eval D1016-A.M.100.9Y1MM18CB5 R:0.00000 P:0.00000 F:0.00000
---------------------------------------------
AABXRNG8CM ROUGE-1 Average_R: 0.00000 (95%-conf.int. 0.00000 - 0.00000)
AABXRNG8CM ROUGE-1 Average_P: 0.00000 (95%-conf.int. 0.00000 - 0.00000)
AABXRNG8CM ROUGE-1 Average_F: 0.00000 (95%-conf.int. 0.00000 - 0.00000)
.............................................
AABXRNG8CM ROUGE-1 Eval D1003-A.M.100.AABXRNG8CM R:0.00000 P:0.00000 F:0.00000
---------------------------------------------
AABXRNG8CM ROUGE-2 Average_R: 0.00000 (95%-conf.int. 0.00000 - 0.00000)
AABXRNG8CM ROUGE-2 Average_P: 0.00000 (95%-conf.int. 0.00000 - 0.00000)
AABXRNG8CM ROUGE-2 Average_F: 0.00000 (95%-conf.int. 0.00000 - 0.00000)
.............................................
AABXRNG8CM ROUGE-2 Eval D1003-A.M.100.AABXRNG8CM R:0.00000 P:0.00000 F:0.00000
---------------------------------------------
AABXRNG8CM ROUGE-3 Average_R: 0.00000 (95%-conf.int. 0.00000 - 0.00000)
AABXRNG8CM ROUGE-3 Average_P: 0.00000 (95%-conf.int. 0.00000 - 0.00000)
AABXRNG8CM ROUGE-3 Average_F: 0.00000 (95%-conf.int. 0.00000 - 0.00000)
.............................................
AABXRNG8CM ROUGE-3 Eval D1003-A.M.100.AABXRNG8CM R:0.00000 P:0.00000 F:0.00000
---------------------------------------------
AABXRNG8CM ROUGE-4 Average_R: 0.00000 (95%-conf.int. 0.00000 - 0.00000)
AABXRNG8CM ROUGE-4 Average_P: 0.00000 (95%-conf.int. 0.00000 - 0.00000)
AABXRNG8CM ROUGE-4 Average_F: 0.00000 (95%-conf.int. 0.00000 - 0.00000)
.............................................
AABXRNG8CM ROUGE-4 Eval D1003-A.M.100.AABXRNG8CM R:0.00000 P:0.00000 F:0.00000
---------------------------------------------
CS0K46PPZK ROUGE-1 Average_R: 0.00000 (95%-conf.int. 0.00000 - 0.00000)
CS0K46PPZK ROUGE-1 Average_P: 0.00000 (95%-conf.int. 0.00000 - 0.00000)
CS0K46PPZK ROUGE-1 Average_F: 0.00000 (95%-conf.int. 0.00000 - 0.00000)
.............................................
CS0K46PPZK ROUGE-1 Eval D1011-A.M.100.CS0K46PPZK R:0.00000 P:0.00000 F:0.00000
---------------------------------------------
CS0K46PPZK ROUGE-2 Average_R: 0.00000 (95%-conf.int. 0.00000 - 0.00000)
CS0K46PPZK ROUGE-2 Average_P: 0.00000 (95%-conf.int. 0.00000 - 0.00000)
CS0K46PPZK ROUGE-2 Average_F: 0.00000 (95%-conf.int. 0.00000 - 0.00000)
.............................................
CS0K46PPZK ROUGE-2 Eval D1011-A.M.100.CS0K46PPZK R:0.00000 P:0.00000 F:0.00000
---------------------------------------------
CS0K46PPZK ROUGE-3 Average_R: 0.00000 (95%-conf.int. 0.00000 - 0.00000)
CS0K46PPZK ROUGE-3 Average_P: 0.00000 (95%-conf.int. 0.00000 - 0.00000)
CS0K46PPZK ROUGE-3 Average_F: 0.00000 (95%-conf.int. 0.00000 - 0.00000)
.............................................
CS0K46PPZK ROUGE-3 Eval D1011-A.M.100.CS0K46PPZK R:0.00000 P:0.00000 F:0.00000
---------------------------------------------
CS0K46PPZK ROUGE-4 Average_R: 0.00000 (95%-conf.int. 0.00000 - 0.00000)
CS0K46PPZK ROUGE-4 Average_P: 0.00000 (95%-conf.int. 0.00000 - 0.00000)
CS0K46PPZK ROUGE-4 Average_F: 0.00000 (95%-conf.int. 0.00000 - 0.00000)
.............................................
CS0K46PPZK ROUGE-4 Eval D1011-A.M.100.CS0K46PPZK R:0.00000 P:0.00000 F:0.00000
---------------------------------------------
CVXCR5AQVG ROUGE-1 Average_R: 0.00000 (95%-conf.int. 0.00000 - 0.00000)
CVXCR5AQVG ROUGE-1 Average_P: 0.00000 (95%-conf.int. 0.00000 - 0.00000)
CVXCR5AQVG ROUGE-1 Average_F: 0.00000 (95%-conf.int. 0.00000 - 0.00000)
.............................................
CVXCR5AQVG ROUGE-1 Eval D1005-A.M.100.CVXCR5AQVG R:0.00000 P:0.00000 F:0.00000
---------------------------------------------
CVXCR5AQVG ROUGE-2 Average_R: 0.00000 (95%-conf.int. 0.00000 - 0.00000)
CVXCR5AQVG ROUGE-2 Average_P: 0.00000 (95%-conf.int. 0.00000 - 0.00000)
CVXCR5AQVG ROUGE-2 Average_F: 0.00000 (95%-conf.int. 0.00000 - 0.00000)
.............................................
CVXCR5AQVG ROUGE-2 Eval D1005-A.M.100.CVXCR5AQVG R:0.00000 P:0.00000 F:0.00000
---------------------------------------------
CVXCR5AQVG ROUGE-3 Average_R: 0.00000 (95%-conf.int. 0.00000 - 0.00000)
CVXCR5AQVG ROUGE-3 Average_P: 0.00000 (95%-conf.int. 0.00000 - 0.00000)
CVXCR5AQVG ROUGE-3 Average_F: 0.00000 (95%-conf.int. 0.00000 - 0.00000)
.............................................
CVXCR5AQVG ROUGE-3 Eval D1005-A.M.100.CVXCR5AQVG R:0.00000 P:0.00000 F:0.00000
---------------------------------------------
CVXCR5AQVG ROUGE-4 Average_R: 0.00000 (95%-conf.int. 0.00000 - 0.00000)
CVXCR5AQVG ROUGE-4 Average_P: 0.00000 (95%-conf.int. 0.00000 - 0.00000)
CVXCR5AQVG ROUGE-4 Average_F: 0.00000 (95%-conf.int. 0.00000 - 0.00000)
.............................................
CVXCR5AQVG ROUGE-4 Eval D1005-A.M.100.CVXCR5AQVG R:0.00000 P:0.00000 F:0.00000
---------------------------------------------
D1TNXLRYTC ROUGE-1 Average_R: 0.00000 (95%-conf.int. 0.00000 - 0.00000)
D1TNXLRYTC ROUGE-1 Average_P: 0.00000 (95%-conf.int. 0.00000 - 0.00000)
D1TNXLRYTC ROUGE-1 Average_F: 0.00000 (95%-conf.int. 0.00000 - 0.00000)
.............................................
D1TNXLRYTC ROUGE-1 Eval D1035-A.M.100.D1TNXLRYTC R:0.00000 P:0.00000 F:0.00000
---------------------------------------------
D1TNXLRYTC ROUGE-2 Average_R: 0.00000 (95%-conf.int. 0.00000 - 0.00000)
D1TNXLRYTC ROUGE-2 Average_P: 0.00000 (95%-conf.int. 0.00000 - 0.00000)
D1TNXLRYTC ROUGE-2 Average_F: 0.00000 (95%-conf.int. 0.00000 - 0.00000)
.............................................
D1TNXLRYTC ROUGE-2 Eval D1035-A.M.100.D1TNXLRYTC R:0.00000 P:0.00000 F:0.00000
---------------------------------------------
D1TNXLRYTC ROUGE-3 Average_R: 0.00000 (95%-conf.int. 0.00000 - 0.00000)
D1TNXLRYTC ROUGE-3 Average_P: 0.00000 (95%-conf.int. 0.00000 - 0.00000)
D1TNXLRYTC ROUGE-3 Average_F: 0.00000 (95%-conf.int. 0.00000 - 0.00000)
.............................................
D1TNXLRYTC ROUGE-3 Eval D1035-A.M.100.D1TNXLRYTC R:0.00000 P:0.00000 F:0.00000
---------------------------------------------
D1TNXLRYTC ROUGE-4 Average_R: 0.00000 (95%-conf.int. 0.00000 - 0.00000)
D1TNXLRYTC ROUGE-4 Average_P: 0.00000 (95%-conf.int. 0.00000 - 0.00000)
D1TNXLRYTC ROUGE-4 Average_F: 0.00000 (95%-conf.int. 0.00000 - 0.00000)
.............................................
D1TNXLRYTC ROUGE-4 Eval D1035-A.M.100.D1TNXLRYTC R:0.00000 P:0.00000 F:0.00000
---------------------------------------------
D7H4Z5YYQT ROUGE-1 Average_R: 0.00000 (95%-conf.int. 0.00000 - 0.00000)
D7H4Z5YYQT ROUGE-1 Average_P: 0.00000 (95%-conf.int. 0.00000 - 0.00000)
D7H4Z5YYQT ROUGE-1 Average_F: 0.00000 (95%-conf.int. 0.00000 - 0.00000)
.............................................
D7H4Z5YYQT ROUGE-1 Eval D1008-A.M.100.D7H4Z5YYQT R:0.00000 P:0.00000 F:0.00000
---------------------------------------------
D7H4Z5YYQT ROUGE-2 Average_R: 0.00000 (95%-conf.int. 0.00000 - 0.00000)
D7H4Z5YYQT ROUGE-2 Average_P: 0.00000 (95%-conf.int. 0.00000 - 0.00000)
D7H4Z5YYQT ROUGE-2 Average_F: 0.00000 (95%-conf.int. 0.00000 - 0.00000)
.............................................
D7H4Z5YYQT ROUGE-2 Eval D1008-A.M.100.D7H4Z5YYQT R:0.00000 P:0.00000 F:0.00000
---------------------------------------------
D7H4Z5YYQT ROUGE-3 Average_R: 0.00000 (95%-conf.int. 0.00000 - 0.00000)
D7H4Z5YYQT ROUGE-3 Average_P: 0.00000 (95%-conf.int. 0.00000 - 0.00000)
D7H4Z5YYQT ROUGE-3 Average_F: 0.00000 (95%-conf.int. 0.00000 - 0.00000)
.............................................
D7H4Z5YYQT ROUGE-3 Eval D1008-A.M.100.D7H4Z5YYQT R:0.00000 P:0.00000 F:0.00000
---------------------------------------------
D7H4Z5YYQT ROUGE-4 Average_R: 0.00000 (95%-conf.int. 0.00000 - 0.00000)
D7H4Z5YYQT ROUGE-4 Average_P: 0.00000 (95%-conf.int. 0.00000 - 0.00000)
D7H4Z5YYQT ROUGE-4 Average_F: 0.00000 (95%-conf.int. 0.00000 - 0.00000)
.............................................
D7H4Z5YYQT ROUGE-4 Eval D1008-A.M.100.D7H4Z5YYQT R:0.00000 P:0.00000 F:0.00000
---------------------------------------------
DAVO44IPTF ROUGE-1 Average_R: 0.00000 (95%-conf.int. 0.00000 - 0.00000)
DAVO44IPTF ROUGE-1 Average_P: 0.00000 (95%-conf.int. 0.00000 - 0.00000)
DAVO44IPTF ROUGE-1 Average_F: 0.00000 (95%-conf.int. 0.00000 - 0.00000)
.............................................
DAVO44IPTF ROUGE-1 Eval D1015-A.M.100.DAVO44IPTF R:0.00000 P:0.00000 F:0.00000
---------------------------------------------
DAVO44IPTF ROUGE-2 Average_R: 0.00000 (95%-conf.int. 0.00000 - 0.00000)
DAVO44IPTF ROUGE-2 Average_P: 0.00000 (95%-conf.int. 0.00000 - 0.00000)
DAVO44IPTF ROUGE-2 Average_F: 0.00000 (95%-conf.int. 0.00000 - 0.00000)
.............................................
DAVO44IPTF ROUGE-2 Eval D1015-A.M.100.DAVO44IPTF R:0.00000 P:0.00000 F:0.00000
---------------------------------------------
DAVO44IPTF ROUGE-3 Average_R: 0.00000 (95%-conf.int. 0.00000 - 0.00000)
DAVO44IPTF ROUGE-3 Average_P: 0.00000 (95%-conf.int. 0.00000 - 0.00000)
DAVO44IPTF ROUGE-3 Average_F: 0.00000 (95%-conf.int. 0.00000 - 0.00000)
.............................................
DAVO44IPTF ROUGE-3 Eval D1015-A.M.100.DAVO44IPTF R:0.00000 P:0.00000 F:0.00000
---------------------------------------------
DAVO44IPTF ROUGE-4 Average_R: 0.00000 (95%-conf.int. 0.00000 - 0.00000)
DAVO44IPTF ROUGE-4 Average_P: 0.00000 (95%-conf.int. 0.00000 - 0.00000)
DAVO44IPTF ROUGE-4 Average_F: 0.00000 (95%-conf.int. 0.00000 - 0.00000)
.............................................
DAVO44IPTF ROUGE-4 Eval D1015-A.M.100.DAVO44IPTF R:0.00000 P:0.00000 F:0.00000
---------------------------------------------
FWDBF10PYX ROUGE-1 Average_R: 0.00000 (95%-conf.int. 0.00000 - 0.00000)
FWDBF10PYX ROUGE-1 Average_P: 0.00000 (95%-conf.int. 0.00000 - 0.00000)
FWDBF10PYX ROUGE-1 Average_F: 0.00000 (95%-conf.int. 0.00000 - 0.00000)
.............................................
FWDBF10PYX ROUGE-1 Eval D1001-A.M.100.FWDBF10PYX R:0.00000 P:0.00000 F:0.00000
---------------------------------------------
FWDBF10PYX ROUGE-2 Average_R: 0.00000 (95%-conf.int. 0.00000 - 0.00000)
FWDBF10PYX ROUGE-2 Average_P: 0.00000 (95%-conf.int. 0.00000 - 0.00000)
FWDBF10PYX ROUGE-2 Average_F: 0.00000 (95%-conf.int. 0.00000 - 0.00000)
.............................................
FWDBF10PYX ROUGE-2 Eval D1001-A.M.100.FWDBF10PYX R:0.00000 P:0.00000 F:0.00000
---------------------------------------------
FWDBF10PYX ROUGE-3 Average_R: 0.00000 (95%-conf.int. 0.00000 - 0.00000)
FWDBF10PYX ROUGE-3 Average_P: 0.00000 (95%-conf.int. 0.00000 - 0.00000)
FWDBF10PYX ROUGE-3 Average_F: 0.00000 (95%-conf.int. 0.00000 - 0.00000)
.............................................
FWDBF10PYX ROUGE-3 Eval D1001-A.M.100.FWDBF10PYX R:0.00000 P:0.00000 F:0.00000
---------------------------------------------
FWDBF10PYX ROUGE-4 Average_R: 0.00000 (95%-conf.int. 0.00000 - 0.00000)
FWDBF10PYX ROUGE-4 Average_P: 0.00000 (95%-conf.int. 0.00000 - 0.00000)
FWDBF10PYX ROUGE-4 Average_F: 0.00000 (95%-conf.int. 0.00000 - 0.00000)
.............................................
FWDBF10PYX ROUGE-4 Eval D1001-A.M.100.FWDBF10PYX R:0.00000 P:0.00000 F:0.00000
---------------------------------------------
GB1XK6WD80 ROUGE-1 Average_R: 0.00000 (95%-conf.int. 0.00000 - 0.00000)
GB1XK6WD80 ROUGE-1 Average_P: 0.00000 (95%-conf.int. 0.00000 - 0.00000)
GB1XK6WD80 ROUGE-1 Average_F: 0.00000 (95%-conf.int. 0.00000 - 0.00000)
.............................................
GB1XK6WD80 ROUGE-1 Eval D1014-A.M.100.GB1XK6WD80 R:0.00000 P:0.00000 F:0.00000
---------------------------------------------
GB1XK6WD80 ROUGE-2 Average_R: 0.00000 (95%-conf.int. 0.00000 - 0.00000)
GB1XK6WD80 ROUGE-2 Average_P: 0.00000 (95%-conf.int. 0.00000 - 0.00000)
GB1XK6WD80 ROUGE-2 Average_F: 0.00000 (95%-conf.int. 0.00000 - 0.00000)
.............................................
GB1XK6WD80 ROUGE-2 Eval D1014-A.M.100.GB1XK6WD80 R:0.00000 P:0.00000 F:0.00000
---------------------------------------------
GB1XK6WD80 ROUGE-3 Average_R: 0.00000 (95%-conf.int. 0.00000 - 0.00000)
GB1XK6WD80 ROUGE-3 Average_P: 0.00000 (95%-conf.int. 0.00000 - 0.00000)
GB1XK6WD80 ROUGE-3 Average_F: 0.00000 (95%-conf.int. 0.00000 - 0.00000)
.............................................
GB1XK6WD80 ROUGE-3 Eval D1014-A.M.100.GB1XK6WD80 R:0.00000 P:0.00000 F:0.00000
---------------------------------------------
GB1XK6WD80 ROUGE-4 Average_R: 0.00000 (95%-conf.int. 0.00000 - 0.00000)
GB1XK6WD80 ROUGE-4 Average_P: 0.00000 (95%-conf.int. 0.00000 - 0.00000)
GB1XK6WD80 ROUGE-4 Average_F: 0.00000 (95%-conf.int. 0.00000 - 0.00000)
.............................................
GB1XK6WD80 ROUGE-4 Eval D1014-A.M.100.GB1XK6WD80 R:0.00000 P:0.00000 F:0.00000
---------------------------------------------
GVW146MR87 ROUGE-1 Average_R: 0.00000 (95%-conf.int. 0.00000 - 0.00000)
GVW146MR87 ROUGE-1 Average_P: 0.00000 (95%-conf.int. 0.00000 - 0.00000)
GVW146MR87 ROUGE-1 Average_F: 0.00000 (95%-conf.int. 0.00000 - 0.00000)
.............................................
GVW146MR87 ROUGE-1 Eval D1004-A.M.100.GVW146MR87 R:0.00000 P:0.00000 F:0.00000
---------------------------------------------
GVW146MR87 ROUGE-2 Average_R: 0.00000 (95%-conf.int. 0.00000 - 0.00000)
GVW146MR87 ROUGE-2 Average_P: 0.00000 (95%-conf.int. 0.00000 - 0.00000)
GVW146MR87 ROUGE-2 Average_F: 0.00000 (95%-conf.int. 0.00000 - 0.00000)
.............................................
GVW146MR87 ROUGE-2 Eval D1004-A.M.100.GVW146MR87 R:0.00000 P:0.00000 F:0.00000
---------------------------------------------
GVW146MR87 ROUGE-3 Average_R: 0.00000 (95%-conf.int. 0.00000 - 0.00000)
GVW146MR87 ROUGE-3 Average_P: 0.00000 (95%-conf.int. 0.00000 - 0.00000)
GVW146MR87 ROUGE-3 Average_F: 0.00000 (95%-conf.int. 0.00000 - 0.00000)
.............................................
GVW146MR87 ROUGE-3 Eval D1004-A.M.100.GVW146MR87 R:0.00000 P:0.00000 F:0.00000
---------------------------------------------
GVW146MR87 ROUGE-4 Average_R: 0.00000 (95%-conf.int. 0.00000 - 0.00000)
GVW146MR87 ROUGE-4 Average_P: 0.00000 (95%-conf.int. 0.00000 - 0.00000)
GVW146MR87 ROUGE-4 Average_F: 0.00000 (95%-conf.int. 0.00000 - 0.00000)
.............................................
GVW146MR87 ROUGE-4 Eval D1004-A.M.100.GVW146MR87 R:0.00000 P:0.00000 F:0.00000
---------------------------------------------
HD08XI8YAS ROUGE-1 Average_R: 0.00000 (95%-conf.int. 0.00000 - 0.00000)
HD08XI8YAS ROUGE-1 Average_P: 0.00000 (95%-conf.int. 0.00000 - 0.00000)
HD08XI8YAS ROUGE-1 Average_F: 0.00000 (95%-conf.int. 0.00000 - 0.00000)
.............................................
HD08XI8YAS ROUGE-1 Eval D1029-A.M.100.HD08XI8YAS R:0.00000 P:0.00000 F:0.00000
---------------------------------------------
HD08XI8YAS ROUGE-2 Average_R: 0.00000 (95%-conf.int. 0.00000 - 0.00000)
HD08XI8YAS ROUGE-2 Average_P: 0.00000 (95%-conf.int. 0.00000 - 0.00000)
HD08XI8YAS ROUGE-2 Average_F: 0.00000 (95%-conf.int. 0.00000 - 0.00000)
.............................................
HD08XI8YAS ROUGE-2 Eval D1029-A.M.100.HD08XI8YAS R:0.00000 P:0.00000 F:0.00000
---------------------------------------------
HD08XI8YAS ROUGE-3 Average_R: 0.00000 (95%-conf.int. 0.00000 - 0.00000)
HD08XI8YAS ROUGE-3 Average_P: 0.00000 (95%-conf.int. 0.00000 - 0.00000)
HD08XI8YAS ROUGE-3 Average_F: 0.00000 (95%-conf.int. 0.00000 - 0.00000)
.............................................
HD08XI8YAS ROUGE-3 Eval D1029-A.M.100.HD08XI8YAS R:0.00000 P:0.00000 F:0.00000
---------------------------------------------
HD08XI8YAS ROUGE-4 Average_R: 0.00000 (95%-conf.int. 0.00000 - 0.00000)
HD08XI8YAS ROUGE-4 Average_P: 0.00000 (95%-conf.int. 0.00000 - 0.00000)
HD08XI8YAS ROUGE-4 Average_F: 0.00000 (95%-conf.int. 0.00000 - 0.00000)
.............................................
HD08XI8YAS ROUGE-4 Eval D1029-A.M.100.HD08XI8YAS R:0.00000 P:0.00000 F:0.00000
---------------------------------------------
IWT4PQK6PQ ROUGE-1 Average_R: 0.00000 (95%-conf.int. 0.00000 - 0.00000)
IWT4PQK6PQ ROUGE-1 Average_P: 0.00000 (95%-conf.int. 0.00000 - 0.00000)
IWT4PQK6PQ ROUGE-1 Average_F: 0.00000 (95%-conf.int. 0.00000 - 0.00000)
.............................................
IWT4PQK6PQ ROUGE-1 Eval D1002-A.M.100.IWT4PQK6PQ R:0.00000 P:0.00000 F:0.00000
---------------------------------------------
IWT4PQK6PQ ROUGE-2 Average_R: 0.00000 (95%-conf.int. 0.00000 - 0.00000)
IWT4PQK6PQ ROUGE-2 Average_P: 0.00000 (95%-conf.int. 0.00000 - 0.00000)
IWT4PQK6PQ ROUGE-2 Average_F: 0.00000 (95%-conf.int. 0.00000 - 0.00000)
.............................................
IWT4PQK6PQ ROUGE-2 Eval D1002-A.M.100.IWT4PQK6PQ R:0.00000 P:0.00000 F:0.00000
---------------------------------------------
IWT4PQK6PQ ROUGE-3 Average_R: 0.00000 (95%-conf.int. 0.00000 - 0.00000)
IWT4PQK6PQ ROUGE-3 Average_P: 0.00000 (95%-conf.int. 0.00000 - 0.00000)
IWT4PQK6PQ ROUGE-3 Average_F: 0.00000 (95%-conf.int. 0.00000 - 0.00000)
.............................................
IWT4PQK6PQ ROUGE-3 Eval D1002-A.M.100.IWT4PQK6PQ R:0.00000 P:0.00000 F:0.00000
---------------------------------------------
IWT4PQK6PQ ROUGE-4 Average_R: 0.00000 (95%-conf.int. 0.00000 - 0.00000)
IWT4PQK6PQ ROUGE-4 Average_P: 0.00000 (95%-conf.int. 0.00000 - 0.00000)
IWT4PQK6PQ ROUGE-4 Average_F: 0.00000 (95%-conf.int. 0.00000 - 0.00000)
.............................................
IWT4PQK6PQ ROUGE-4 Eval D1002-A.M.100.IWT4PQK6PQ R:0.00000 P:0.00000 F:0.00000
---------------------------------------------
JF8E9RBG5B ROUGE-1 Average_R: 0.00000 (95%-conf.int. 0.00000 - 0.00000)
JF8E9RBG5B ROUGE-1 Average_P: 0.00000 (95%-conf.int. 0.00000 - 0.00000)
JF8E9RBG5B ROUGE-1 Average_F: 0.00000 (95%-conf.int. 0.00000 - 0.00000)
.............................................
JF8E9RBG5B ROUGE-1 Eval D1031-A.M.100.JF8E9RBG5B R:0.00000 P:0.00000 F:0.00000
---------------------------------------------
JF8E9RBG5B ROUGE-2 Average_R: 0.00000 (95%-conf.int. 0.00000 - 0.00000)
JF8E9RBG5B ROUGE-2 Average_P: 0.00000 (95%-conf.int. 0.00000 - 0.00000)
JF8E9RBG5B ROUGE-2 Average_F: 0.00000 (95%-conf.int. 0.00000 - 0.00000)
.............................................
JF8E9RBG5B ROUGE-2 Eval D1031-A.M.100.JF8E9RBG5B R:0.00000 P:0.00000 F:0.00000
---------------------------------------------
JF8E9RBG5B ROUGE-3 Average_R: 0.00000 (95%-conf.int. 0.00000 - 0.00000)
JF8E9RBG5B ROUGE-3 Average_P: 0.00000 (95%-conf.int. 0.00000 - 0.00000)
JF8E9RBG5B ROUGE-3 Average_F: 0.00000 (95%-conf.int. 0.00000 - 0.00000)
.............................................
JF8E9RBG5B ROUGE-3 Eval D1031-A.M.100.JF8E9RBG5B R:0.00000 P:0.00000 F:0.00000
---------------------------------------------
JF8E9RBG5B ROUGE-4 Average_R: 0.00000 (95%-conf.int. 0.00000 - 0.00000)
JF8E9RBG5B ROUGE-4 Average_P: 0.00000 (95%-conf.int. 0.00000 - 0.00000)
JF8E9RBG5B ROUGE-4 Average_F: 0.00000 (95%-conf.int. 0.00000 - 0.00000)
.............................................
JF8E9RBG5B ROUGE-4 Eval D1031-A.M.100.JF8E9RBG5B R:0.00000 P:0.00000 F:0.00000
---------------------------------------------
L73VG123WD ROUGE-1 Average_R: 0.00000 (95%-conf.int. 0.00000 - 0.00000)
L73VG123WD ROUGE-1 Average_P: 0.00000 (95%-conf.int. 0.00000 - 0.00000)
L73VG123WD ROUGE-1 Average_F: 0.00000 (95%-conf.int. 0.00000 - 0.00000)
.............................................
L73VG123WD ROUGE-1 Eval D1025-A.M.100.L73VG123WD R:0.00000 P:0.00000 F:0.00000
---------------------------------------------
L73VG123WD ROUGE-2 Average_R: 0.00000 (95%-conf.int. 0.00000 - 0.00000)
L73VG123WD ROUGE-2 Average_P: 0.00000 (95%-conf.int. 0.00000 - 0.00000)
L73VG123WD ROUGE-2 Average_F: 0.00000 (95%-conf.int. 0.00000 - 0.00000)
.............................................
L73VG123WD ROUGE-2 Eval D1025-A.M.100.L73VG123WD R:0.00000 P:0.00000 F:0.00000
---------------------------------------------
L73VG123WD ROUGE-3 Average_R: 0.00000 (95%-conf.int. 0.00000 - 0.00000)
L73VG123WD ROUGE-3 Average_P: 0.00000 (95%-conf.int. 0.00000 - 0.00000)
L73VG123WD ROUGE-3 Average_F: 0.00000 (95%-conf.int. 0.00000 - 0.00000)
.............................................
L73VG123WD ROUGE-3 Eval D1025-A.M.100.L73VG123WD R:0.00000 P:0.00000 F:0.00000
---------------------------------------------
L73VG123WD ROUGE-4 Average_R: 0.00000 (95%-conf.int. 0.00000 - 0.00000)
L73VG123WD ROUGE-4 Average_P: 0.00000 (95%-conf.int. 0.00000 - 0.00000)
L73VG123WD ROUGE-4 Average_F: 0.00000 (95%-conf.int. 0.00000 - 0.00000)
.............................................
L73VG123WD ROUGE-4 Eval D1025-A.M.100.L73VG123WD R:0.00000 P:0.00000 F:0.00000
---------------------------------------------
NHW6PPCIKT ROUGE-1 Average_R: 0.00000 (95%-conf.int. 0.00000 - 0.00000)
NHW6PPCIKT ROUGE-1 Average_P: 0.00000 (95%-conf.int. 0.00000 - 0.00000)
NHW6PPCIKT ROUGE-1 Average_F: 0.00000 (95%-conf.int. 0.00000 - 0.00000)
.............................................
NHW6PPCIKT ROUGE-1 Eval D1027-A.M.100.NHW6PPCIKT R:0.00000 P:0.00000 F:0.00000
---------------------------------------------
NHW6PPCIKT ROUGE-2 Average_R: 0.00000 (95%-conf.int. 0.00000 - 0.00000)
NHW6PPCIKT ROUGE-2 Average_P: 0.00000 (95%-conf.int. 0.00000 - 0.00000)
NHW6PPCIKT ROUGE-2 Average_F: 0.00000 (95%-conf.int. 0.00000 - 0.00000)
.............................................
NHW6PPCIKT ROUGE-2 Eval D1027-A.M.100.NHW6PPCIKT R:0.00000 P:0.00000 F:0.00000
---------------------------------------------
NHW6PPCIKT ROUGE-3 Average_R: 0.00000 (95%-conf.int. 0.00000 - 0.00000)
NHW6PPCIKT ROUGE-3 Average_P: 0.00000 (95%-conf.int. 0.00000 - 0.00000)
NHW6PPCIKT ROUGE-3 Average_F: 0.00000 (95%-conf.int. 0.00000 - 0.00000)
.............................................
NHW6PPCIKT ROUGE-3 Eval D1027-A.M.100.NHW6PPCIKT R:0.00000 P:0.00000 F:0.00000
---------------------------------------------
NHW6PPCIKT ROUGE-4 Average_R: 0.00000 (95%-conf.int. 0.00000 - 0.00000)
NHW6PPCIKT ROUGE-4 Average_P: 0.00000 (95%-conf.int. 0.00000 - 0.00000)
NHW6PPCIKT ROUGE-4 Average_F: 0.00000 (95%-conf.int. 0.00000 - 0.00000)
.............................................
NHW6PPCIKT ROUGE-4 Eval D1027-A.M.100.NHW6PPCIKT R:0.00000 P:0.00000 F:0.00000
---------------------------------------------
NJWRXABA32 ROUGE-1 Average_R: 0.00000 (95%-conf.int. 0.00000 - 0.00000)
NJWRXABA32 ROUGE-1 Average_P: 0.00000 (95%-conf.int. 0.00000 - 0.00000)
NJWRXABA32 ROUGE-1 Average_F: 0.00000 (95%-conf.int. 0.00000 - 0.00000)
.............................................
NJWRXABA32 ROUGE-1 Eval D1041-A.M.100.NJWRXABA32 R:0.00000 P:0.00000 F:0.00000
---------------------------------------------
NJWRXABA32 ROUGE-2 Average_R: 0.00000 (95%-conf.int. 0.00000 - 0.00000)
NJWRXABA32 ROUGE-2 Average_P: 0.00000 (95%-conf.int. 0.00000 - 0.00000)
NJWRXABA32 ROUGE-2 Average_F: 0.00000 (95%-conf.int. 0.00000 - 0.00000)
.............................................
NJWRXABA32 ROUGE-2 Eval D1041-A.M.100.NJWRXABA32 R:0.00000 P:0.00000 F:0.00000
---------------------------------------------
NJWRXABA32 ROUGE-3 Average_R: 0.00000 (95%-conf.int. 0.00000 - 0.00000)
NJWRXABA32 ROUGE-3 Average_P: 0.00000 (95%-conf.int. 0.00000 - 0.00000)
NJWRXABA32 ROUGE-3 Average_F: 0.00000 (95%-conf.int. 0.00000 - 0.00000)
.............................................
NJWRXABA32 ROUGE-3 Eval D1041-A.M.100.NJWRXABA32 R:0.00000 P:0.00000 F:0.00000
---------------------------------------------
NJWRXABA32 ROUGE-4 Average_R: 0.00000 (95%-conf.int. 0.00000 - 0.00000)
NJWRXABA32 ROUGE-4 Average_P: 0.00000 (95%-conf.int. 0.00000 - 0.00000)
NJWRXABA32 ROUGE-4 Average_F: 0.00000 (95%-conf.int. 0.00000 - 0.00000)
.............................................
NJWRXABA32 ROUGE-4 Eval D1041-A.M.100.NJWRXABA32 R:0.00000 P:0.00000 F:0.00000
---------------------------------------------
OI0EON8K10 ROUGE-1 Average_R: 0.00000 (95%-conf.int. 0.00000 - 0.00000)
OI0EON8K10 ROUGE-1 Average_P: 0.00000 (95%-conf.int. 0.00000 - 0.00000)
OI0EON8K10 ROUGE-1 Average_F: 0.00000 (95%-conf.int. 0.00000 - 0.00000)
.............................................
OI0EON8K10 ROUGE-1 Eval D1036-A.M.100.OI0EON8K10 R:0.00000 P:0.00000 F:0.00000
---------------------------------------------
OI0EON8K10 ROUGE-2 Average_R: 0.00000 (95%-conf.int. 0.00000 - 0.00000)
OI0EON8K10 ROUGE-2 Average_P: 0.00000 (95%-conf.int. 0.00000 - 0.00000)
OI0EON8K10 ROUGE-2 Average_F: 0.00000 (95%-conf.int. 0.00000 - 0.00000)
.............................................
OI0EON8K10 ROUGE-2 Eval D1036-A.M.100.OI0EON8K10 R:0.00000 P:0.00000 F:0.00000
---------------------------------------------
OI0EON8K10 ROUGE-3 Average_R: 0.00000 (95%-conf.int. 0.00000 - 0.00000)
OI0EON8K10 ROUGE-3 Average_P: 0.00000 (95%-conf.int. 0.00000 - 0.00000)
OI0EON8K10 ROUGE-3 Average_F: 0.00000 (95%-conf.int. 0.00000 - 0.00000)
.............................................
OI0EON8K10 ROUGE-3 Eval D1036-A.M.100.OI0EON8K10 R:0.00000 P:0.00000 F:0.00000
---------------------------------------------
OI0EON8K10 ROUGE-4 Average_R: 0.00000 (95%-conf.int. 0.00000 - 0.00000)
OI0EON8K10 ROUGE-4 Average_P: 0.00000 (95%-conf.int. 0.00000 - 0.00000)
OI0EON8K10 ROUGE-4 Average_F: 0.00000 (95%-conf.int. 0.00000 - 0.00000)
.............................................
OI0EON8K10 ROUGE-4 Eval D1036-A.M.100.OI0EON8K10 R:0.00000 P:0.00000 F:0.00000
---------------------------------------------
R2FYH9K9B1 ROUGE-1 Average_R: 0.00000 (95%-conf.int. 0.00000 - 0.00000)
R2FYH9K9B1 ROUGE-1 Average_P: 0.00000 (95%-conf.int. 0.00000 - 0.00000)
R2FYH9K9B1 ROUGE-1 Average_F: 0.00000 (95%-conf.int. 0.00000 - 0.00000)
.............................................
R2FYH9K9B1 ROUGE-1 Eval D1032-A.M.100.R2FYH9K9B1 R:0.00000 P:0.00000 F:0.00000
---------------------------------------------
R2FYH9K9B1 ROUGE-2 Average_R: 0.00000 (95%-conf.int. 0.00000 - 0.00000)
R2FYH9K9B1 ROUGE-2 Average_P: 0.00000 (95%-conf.int. 0.00000 - 0.00000)
R2FYH9K9B1 ROUGE-2 Average_F: 0.00000 (95%-conf.int. 0.00000 - 0.00000)
.............................................
R2FYH9K9B1 ROUGE-2 Eval D1032-A.M.100.R2FYH9K9B1 R:0.00000 P:0.00000 F:0.00000
---------------------------------------------
R2FYH9K9B1 ROUGE-3 Average_R: 0.00000 (95%-conf.int. 0.00000 - 0.00000)
R2FYH9K9B1 ROUGE-3 Average_P: 0.00000 (95%-conf.int. 0.00000 - 0.00000)
R2FYH9K9B1 ROUGE-3 Average_F: 0.00000 (95%-conf.int. 0.00000 - 0.00000)
.............................................
R2FYH9K9B1 ROUGE-3 Eval D1032-A.M.100.R2FYH9K9B1 R:0.00000 P:0.00000 F:0.00000
---------------------------------------------
R2FYH9K9B1 ROUGE-4 Average_R: 0.00000 (95%-conf.int. 0.00000 - 0.00000)
R2FYH9K9B1 ROUGE-4 Average_P: 0.00000 (95%-conf.int. 0.00000 - 0.00000)
R2FYH9K9B1 ROUGE-4 Average_F: 0.00000 (95%-conf.int. 0.00000 - 0.00000)
.............................................
R2FYH9K9B1 ROUGE-4 Eval D1032-A.M.100.R2FYH9K9B1 R:0.00000 P:0.00000 F:0.00000
---------------------------------------------
SPMDQYY201 ROUGE-1 Average_R: 0.00000 (95%-conf.int. 0.00000 - 0.00000)
SPMDQYY201 ROUGE-1 Average_P: 0.00000 (95%-conf.int. 0.00000 - 0.00000)
SPMDQYY201 ROUGE-1 Average_F: 0.00000 (95%-conf.int. 0.00000 - 0.00000)
.............................................
SPMDQYY201 ROUGE-1 Eval D1040-A.M.100.SPMDQYY201 R:0.00000 P:0.00000 F:0.00000
---------------------------------------------
SPMDQYY201 ROUGE-2 Average_R: 0.00000 (95%-conf.int. 0.00000 - 0.00000)
SPMDQYY201 ROUGE-2 Average_P: 0.00000 (95%-conf.int. 0.00000 - 0.00000)
SPMDQYY201 ROUGE-2 Average_F: 0.00000 (95%-conf.int. 0.00000 - 0.00000)
.............................................
SPMDQYY201 ROUGE-2 Eval D1040-A.M.100.SPMDQYY201 R:0.00000 P:0.00000 F:0.00000
---------------------------------------------
SPMDQYY201 ROUGE-3 Average_R: 0.00000 (95%-conf.int. 0.00000 - 0.00000)
SPMDQYY201 ROUGE-3 Average_P: 0.00000 (95%-conf.int. 0.00000 - 0.00000)
SPMDQYY201 ROUGE-3 Average_F: 0.00000 (95%-conf.int. 0.00000 - 0.00000)
.............................................
SPMDQYY201 ROUGE-3 Eval D1040-A.M.100.SPMDQYY201 R:0.00000 P:0.00000 F:0.00000
---------------------------------------------
SPMDQYY201 ROUGE-4 Average_R: 0.00000 (95%-conf.int. 0.00000 - 0.00000)
SPMDQYY201 ROUGE-4 Average_P: 0.00000 (95%-conf.int. 0.00000 - 0.00000)
SPMDQYY201 ROUGE-4 Average_F: 0.00000 (95%-conf.int. 0.00000 - 0.00000)
.............................................
SPMDQYY201 ROUGE-4 Eval D1040-A.M.100.SPMDQYY201 R:0.00000 P:0.00000 F:0.00000
---------------------------------------------
SVC560I2HS ROUGE-1 Average_R: 0.00000 (95%-conf.int. 0.00000 - 0.00000)
SVC560I2HS ROUGE-1 Average_P: 0.00000 (95%-conf.int. 0.00000 - 0.00000)
SVC560I2HS ROUGE-1 Average_F: 0.00000 (95%-conf.int. 0.00000 - 0.00000)
.............................................
SVC560I2HS ROUGE-1 Eval D1043-A.M.100.SVC560I2HS R:0.00000 P:0.00000 F:0.00000
---------------------------------------------
SVC560I2HS ROUGE-2 Average_R: 0.00000 (95%-conf.int. 0.00000 - 0.00000)
SVC560I2HS ROUGE-2 Average_P: 0.00000 (95%-conf.int. 0.00000 - 0.00000)
SVC560I2HS ROUGE-2 Average_F: 0.00000 (95%-conf.int. 0.00000 - 0.00000)
.............................................
SVC560I2HS ROUGE-2 Eval D1043-A.M.100.SVC560I2HS R:0.00000 P:0.00000 F:0.00000
---------------------------------------------
SVC560I2HS ROUGE-3 Average_R: 0.00000 (95%-conf.int. 0.00000 - 0.00000)
SVC560I2HS ROUGE-3 Average_P: 0.00000 (95%-conf.int. 0.00000 - 0.00000)
SVC560I2HS ROUGE-3 Average_F: 0.00000 (95%-conf.int. 0.00000 - 0.00000)
.............................................
SVC560I2HS ROUGE-3 Eval D1043-A.M.100.SVC560I2HS R:0.00000 P:0.00000 F:0.00000
---------------------------------------------
SVC560I2HS ROUGE-4 Average_R: 0.00000 (95%-conf.int. 0.00000 - 0.00000)
SVC560I2HS ROUGE-4 Average_P: 0.00000 (95%-conf.int. 0.00000 - 0.00000)
SVC560I2HS ROUGE-4 Average_F: 0.00000 (95%-conf.int. 0.00000 - 0.00000)
.............................................
SVC560I2HS ROUGE-4 Eval D1043-A.M.100.SVC560I2HS R:0.00000 P:0.00000 F:0.00000
---------------------------------------------
SYAT69UJAN ROUGE-1 Average_R: 0.00000 (95%-conf.int. 0.00000 - 0.00000)
SYAT69UJAN ROUGE-1 Average_P: 0.00000 (95%-conf.int. 0.00000 - 0.00000)
SYAT69UJAN ROUGE-1 Average_F: 0.00000 (95%-conf.int. 0.00000 - 0.00000)
.............................................
SYAT69UJAN ROUGE-1 Eval D1012-A.M.100.SYAT69UJAN R:0.00000 P:0.00000 F:0.00000
---------------------------------------------
SYAT69UJAN ROUGE-2 Average_R: 0.00000 (95%-conf.int. 0.00000 - 0.00000)
SYAT69UJAN ROUGE-2 Average_P: 0.00000 (95%-conf.int. 0.00000 - 0.00000)
SYAT69UJAN ROUGE-2 Average_F: 0.00000 (95%-conf.int. 0.00000 - 0.00000)
.............................................
SYAT69UJAN ROUGE-2 Eval D1012-A.M.100.SYAT69UJAN R:0.00000 P:0.00000 F:0.00000
---------------------------------------------
SYAT69UJAN ROUGE-3 Average_R: 0.00000 (95%-conf.int. 0.00000 - 0.00000)
SYAT69UJAN ROUGE-3 Average_P: 0.00000 (95%-conf.int. 0.00000 - 0.00000)
SYAT69UJAN ROUGE-3 Average_F: 0.00000 (95%-conf.int. 0.00000 - 0.00000)
.............................................
SYAT69UJAN ROUGE-3 Eval D1012-A.M.100.SYAT69UJAN R:0.00000 P:0.00000 F:0.00000
---------------------------------------------
SYAT69UJAN ROUGE-4 Average_R: 0.00000 (95%-conf.int. 0.00000 - 0.00000)
SYAT69UJAN ROUGE-4 Average_P: 0.00000 (95%-conf.int. 0.00000 - 0.00000)
SYAT69UJAN ROUGE-4 Average_F: 0.00000 (95%-conf.int. 0.00000 - 0.00000)
.............................................
SYAT69UJAN ROUGE-4 Eval D1012-A.M.100.SYAT69UJAN R:0.00000 P:0.00000 F:0.00000
---------------------------------------------
UWEHPTU8Z2 ROUGE-1 Average_R: 0.00000 (95%-conf.int. 0.00000 - 0.00000)
UWEHPTU8Z2 ROUGE-1 Average_P: 0.00000 (95%-conf.int. 0.00000 - 0.00000)
UWEHPTU8Z2 ROUGE-1 Average_F: 0.00000 (95%-conf.int. 0.00000 - 0.00000)
.............................................
UWEHPTU8Z2 ROUGE-1 Eval D1034-A.M.100.UWEHPTU8Z2 R:0.00000 P:0.00000 F:0.00000
---------------------------------------------
UWEHPTU8Z2 ROUGE-2 Average_R: 0.00000 (95%-conf.int. 0.00000 - 0.00000)
UWEHPTU8Z2 ROUGE-2 Average_P: 0.00000 (95%-conf.int. 0.00000 - 0.00000)
UWEHPTU8Z2 ROUGE-2 Average_F: 0.00000 (95%-conf.int. 0.00000 - 0.00000)
.............................................
UWEHPTU8Z2 ROUGE-2 Eval D1034-A.M.100.UWEHPTU8Z2 R:0.00000 P:0.00000 F:0.00000
---------------------------------------------
UWEHPTU8Z2 ROUGE-3 Average_R: 0.00000 (95%-conf.int. 0.00000 - 0.00000)
UWEHPTU8Z2 ROUGE-3 Average_P: 0.00000 (95%-conf.int. 0.00000 - 0.00000)
UWEHPTU8Z2 ROUGE-3 Average_F: 0.00000 (95%-conf.int. 0.00000 - 0.00000)
.............................................
UWEHPTU8Z2 ROUGE-3 Eval D1034-A.M.100.UWEHPTU8Z2 R:0.00000 P:0.00000 F:0.00000
---------------------------------------------
UWEHPTU8Z2 ROUGE-4 Average_R: 0.00000 (95%-conf.int. 0.00000 - 0.00000)
UWEHPTU8Z2 ROUGE-4 Average_P: 0.00000 (95%-conf.int. 0.00000 - 0.00000)
UWEHPTU8Z2 ROUGE-4 Average_F: 0.00000 (95%-conf.int. 0.00000 - 0.00000)
.............................................
UWEHPTU8Z2 ROUGE-4 Eval D1034-A.M.100.UWEHPTU8Z2 R:0.00000 P:0.00000 F:0.00000
---------------------------------------------
V9KQZ5UNF9 ROUGE-1 Average_R: 0.00000 (95%-conf.int. 0.00000 - 0.00000)
V9KQZ5UNF9 ROUGE-1 Average_P: 0.00000 (95%-conf.int. 0.00000 - 0.00000)
V9KQZ5UNF9 ROUGE-1 Average_F: 0.00000 (95%-conf.int. 0.00000 - 0.00000)
.............................................
V9KQZ5UNF9 ROUGE-1 Eval D1028-A.M.100.V9KQZ5UNF9 R:0.00000 P:0.00000 F:0.00000
---------------------------------------------
V9KQZ5UNF9 ROUGE-2 Average_R: 0.00000 (95%-conf.int. 0.00000 - 0.00000)
V9KQZ5UNF9 ROUGE-2 Average_P: 0.00000 (95%-conf.int. 0.00000 - 0.00000)
V9KQZ5UNF9 ROUGE-2 Average_F: 0.00000 (95%-conf.int. 0.00000 - 0.00000)
.............................................
V9KQZ5UNF9 ROUGE-2 Eval D1028-A.M.100.V9KQZ5UNF9 R:0.00000 P:0.00000 F:0.00000
---------------------------------------------
V9KQZ5UNF9 ROUGE-3 Average_R: 0.00000 (95%-conf.int. 0.00000 - 0.00000)
V9KQZ5UNF9 ROUGE-3 Average_P: 0.00000 (95%-conf.int. 0.00000 - 0.00000)
V9KQZ5UNF9 ROUGE-3 Average_F: 0.00000 (95%-conf.int. 0.00000 - 0.00000)
.............................................
V9KQZ5UNF9 ROUGE-3 Eval D1028-A.M.100.V9KQZ5UNF9 R:0.00000 P:0.00000 F:0.00000
---------------------------------------------
V9KQZ5UNF9 ROUGE-4 Average_R: 0.00000 (95%-conf.int. 0.00000 - 0.00000)
V9KQZ5UNF9 ROUGE-4 Average_P: 0.00000 (95%-conf.int. 0.00000 - 0.00000)
V9KQZ5UNF9 ROUGE-4 Average_F: 0.00000 (95%-conf.int. 0.00000 - 0.00000)
.............................................
V9KQZ5UNF9 ROUGE-4 Eval D1028-A.M.100.V9KQZ5UNF9 R:0.00000 P:0.00000 F:0.00000
---------------------------------------------
YCYEO2TDCX ROUGE-1 Average_R: 0.00000 (95%-conf.int. 0.00000 - 0.00000)
YCYEO2TDCX ROUGE-1 Average_P: 0.00000 (95%-conf.int. 0.00000 - 0.00000)
YCYEO2TDCX ROUGE-1 Average_F: 0.00000 (95%-conf.int. 0.00000 - 0.00000)
.............................................
YCYEO2TDCX ROUGE-1 Eval D1023-A.M.100.YCYEO2TDCX R:0.00000 P:0.00000 F:0.00000
---------------------------------------------
YCYEO2TDCX ROUGE-2 Average_R: 0.00000 (95%-conf.int. 0.00000 - 0.00000)
YCYEO2TDCX ROUGE-2 Average_P: 0.00000 (95%-conf.int. 0.00000 - 0.00000)
YCYEO2TDCX ROUGE-2 Average_F: 0.00000 (95%-conf.int. 0.00000 - 0.00000)
.............................................
YCYEO2TDCX ROUGE-2 Eval D1023-A.M.100.YCYEO2TDCX R:0.00000 P:0.00000 F:0.00000
---------------------------------------------
YCYEO2TDCX ROUGE-3 Average_R: 0.00000 (95%-conf.int. 0.00000 - 0.00000)
YCYEO2TDCX ROUGE-3 Average_P: 0.00000 (95%-conf.int. 0.00000 - 0.00000)
YCYEO2TDCX ROUGE-3 Average_F: 0.00000 (95%-conf.int. 0.00000 - 0.00000)
.............................................
YCYEO2TDCX ROUGE-3 Eval D1023-A.M.100.YCYEO2TDCX R:0.00000 P:0.00000 F:0.00000
---------------------------------------------
YCYEO2TDCX ROUGE-4 Average_R: 0.00000 (95%-conf.int. 0.00000 - 0.00000)
YCYEO2TDCX ROUGE-4 Average_P: 0.00000 (95%-conf.int. 0.00000 - 0.00000)
YCYEO2TDCX ROUGE-4 Average_F: 0.00000 (95%-conf.int. 0.00000 - 0.00000)
.............................................
YCYEO2TDCX ROUGE-4 Eval D1023-A.M.100.YCYEO2TDCX R:0.00000 P:0.00000 F:0.00000
---------------------------------------------
YKL597JXKZ ROUGE-1 Average_R: 0.00000 (95%-conf.int. 0.00000 - 0.00000)
YKL597JXKZ ROUGE-1 Average_P: 0.00000 (95%-conf.int. 0.00000 - 0.00000)
YKL597JXKZ ROUGE-1 Average_F: 0.00000 (95%-conf.int. 0.00000 - 0.00000)
.............................................
YKL597JXKZ ROUGE-1 Eval D1013-A.M.100.YKL597JXKZ R:0.00000 P:0.00000 F:0.00000
---------------------------------------------
YKL597JXKZ ROUGE-2 Average_R: 0.00000 (95%-conf.int. 0.00000 - 0.00000)
YKL597JXKZ ROUGE-2 Average_P: 0.00000 (95%-conf.int. 0.00000 - 0.00000)
YKL597JXKZ ROUGE-2 Average_F: 0.00000 (95%-conf.int. 0.00000 - 0.00000)
.............................................
YKL597JXKZ ROUGE-2 Eval D1013-A.M.100.YKL597JXKZ R:0.00000 P:0.00000 F:0.00000
---------------------------------------------
YKL597JXKZ ROUGE-3 Average_R: 0.00000 (95%-conf.int. 0.00000 - 0.00000)
YKL597JXKZ ROUGE-3 Average_P: 0.00000 (95%-conf.int. 0.00000 - 0.00000)
YKL597JXKZ ROUGE-3 Average_F: 0.00000 (95%-conf.int. 0.00000 - 0.00000)
.............................................
YKL597JXKZ ROUGE-3 Eval D1013-A.M.100.YKL597JXKZ R:0.00000 P:0.00000 F:0.00000
---------------------------------------------
YKL597JXKZ ROUGE-4 Average_R: 0.00000 (95%-conf.int. 0.00000 - 0.00000)
YKL597JXKZ ROUGE-4 Average_P: 0.00000 (95%-conf.int. 0.00000 - 0.00000)
YKL597JXKZ ROUGE-4 Average_F: 0.00000 (95%-conf.int. 0.00000 - 0.00000)
.............................................
YKL597JXKZ ROUGE-4 Eval D1013-A.M.100.YKL597JXKZ R:0.00000 P:0.00000 F:0.00000
---------------------------------------------
YPBW1QXCB8 ROUGE-1 Average_R: 0.00000 (95%-conf.int. 0.00000 - 0.00000)
YPBW1QXCB8 ROUGE-1 Average_P: 0.00000 (95%-conf.int. 0.00000 - 0.00000)
YPBW1QXCB8 ROUGE-1 Average_F: 0.00000 (95%-conf.int. 0.00000 - 0.00000)
.............................................
YPBW1QXCB8 ROUGE-1 Eval D1010-A.M.100.YPBW1QXCB8 R:0.00000 P:0.00000 F:0.00000
---------------------------------------------
YPBW1QXCB8 ROUGE-2 Average_R: 0.00000 (95%-conf.int. 0.00000 - 0.00000)
YPBW1QXCB8 ROUGE-2 Average_P: 0.00000 (95%-conf.int. 0.00000 - 0.00000)
YPBW1QXCB8 ROUGE-2 Average_F: 0.00000 (95%-conf.int. 0.00000 - 0.00000)
.............................................
YPBW1QXCB8 ROUGE-2 Eval D1010-A.M.100.YPBW1QXCB8 R:0.00000 P:0.00000 F:0.00000
---------------------------------------------
YPBW1QXCB8 ROUGE-3 Average_R: 0.00000 (95%-conf.int. 0.00000 - 0.00000)
YPBW1QXCB8 ROUGE-3 Average_P: 0.00000 (95%-conf.int. 0.00000 - 0.00000)
YPBW1QXCB8 ROUGE-3 Average_F: 0.00000 (95%-conf.int. 0.00000 - 0.00000)
.............................................
YPBW1QXCB8 ROUGE-3 Eval D1010-A.M.100.YPBW1QXCB8 R:0.00000 P:0.00000 F:0.00000
---------------------------------------------
YPBW1QXCB8 ROUGE-4 Average_R: 0.00000 (95%-conf.int. 0.00000 - 0.00000)
YPBW1QXCB8 ROUGE-4 Average_P: 0.00000 (95%-conf.int. 0.00000 - 0.00000)
YPBW1QXCB8 ROUGE-4 Average_F: 0.00000 (95%-conf.int. 0.00000 - 0.00000)
.............................................
YPBW1QXCB8 ROUGE-4 Eval D1010-A.M.100.YPBW1QXCB8 R:0.00000 P:0.00000 F:0.00000
---------------------------------------------
YUY2LTRC68 ROUGE-1 Average_R: 0.00000 (95%-conf.int. 0.00000 - 0.00000)
YUY2LTRC68 ROUGE-1 Average_P: 0.00000 (95%-conf.int. 0.00000 - 0.00000)
YUY2LTRC68 ROUGE-1 Average_F: 0.00000 (95%-conf.int. 0.00000 - 0.00000)
.............................................
YUY2LTRC68 ROUGE-1 Eval D1039-A.M.100.YUY2LTRC68 R:0.00000 P:0.00000 F:0.00000
---------------------------------------------
YUY2LTRC68 ROUGE-2 Average_R: 0.00000 (95%-conf.int. 0.00000 - 0.00000)
YUY2LTRC68 ROUGE-2 Average_P: 0.00000 (95%-conf.int. 0.00000 - 0.00000)
YUY2LTRC68 ROUGE-2 Average_F: 0.00000 (95%-conf.int. 0.00000 - 0.00000)
.............................................
YUY2LTRC68 ROUGE-2 Eval D1039-A.M.100.YUY2LTRC68 R:0.00000 P:0.00000 F:0.00000
---------------------------------------------
YUY2LTRC68 ROUGE-3 Average_R: 0.00000 (95%-conf.int. 0.00000 - 0.00000)
YUY2LTRC68 ROUGE-3 Average_P: 0.00000 (95%-conf.int. 0.00000 - 0.00000)
YUY2LTRC68 ROUGE-3 Average_F: 0.00000 (95%-conf.int. 0.00000 - 0.00000)
.............................................
YUY2LTRC68 ROUGE-3 Eval D1039-A.M.100.YUY2LTRC68 R:0.00000 P:0.00000 F:0.00000
---------------------------------------------
YUY2LTRC68 ROUGE-4 Average_R: 0.00000 (95%-conf.int. 0.00000 - 0.00000)
YUY2LTRC68 ROUGE-4 Average_P: 0.00000 (95%-conf.int. 0.00000 - 0.00000)
YUY2LTRC68 ROUGE-4 Average_F: 0.00000 (95%-conf.int. 0.00000 - 0.00000)
.............................................
YUY2LTRC68 ROUGE-4 Eval D1039-A.M.100.YUY2LTRC68 R:0.00000 P:0.00000 F:0.00000
---------------------------------------------
YXPICSEE4O ROUGE-1 Average_R: 0.00000 (95%-conf.int. 0.00000 - 0.00000)
YXPICSEE4O ROUGE-1 Average_P: 0.00000 (95%-conf.int. 0.00000 - 0.00000)
YXPICSEE4O ROUGE-1 Average_F: 0.00000 (95%-conf.int. 0.00000 - 0.00000)
.............................................
YXPICSEE4O ROUGE-1 Eval D1021-A.M.100.YXPICSEE4O R:0.00000 P:0.00000 F:0.00000
---------------------------------------------
YXPICSEE4O ROUGE-2 Average_R: 0.00000 (95%-conf.int. 0.00000 - 0.00000)
YXPICSEE4O ROUGE-2 Average_P: 0.00000 (95%-conf.int. 0.00000 - 0.00000)
YXPICSEE4O ROUGE-2 Average_F: 0.00000 (95%-conf.int. 0.00000 - 0.00000)
.............................................
YXPICSEE4O ROUGE-2 Eval D1021-A.M.100.YXPICSEE4O R:0.00000 P:0.00000 F:0.00000
---------------------------------------------
YXPICSEE4O ROUGE-3 Average_R: 0.00000 (95%-conf.int. 0.00000 - 0.00000)
YXPICSEE4O ROUGE-3 Average_P: 0.00000 (95%-conf.int. 0.00000 - 0.00000)
YXPICSEE4O ROUGE-3 Average_F: 0.00000 (95%-conf.int. 0.00000 - 0.00000)
.............................................
YXPICSEE4O ROUGE-3 Eval D1021-A.M.100.YXPICSEE4O R:0.00000 P:0.00000 F:0.00000
---------------------------------------------
YXPICSEE4O ROUGE-4 Average_R: 0.00000 (95%-conf.int. 0.00000 - 0.00000)
YXPICSEE4O ROUGE-4 Average_P: 0.00000 (95%-conf.int. 0.00000 - 0.00000)
YXPICSEE4O ROUGE-4 Average_F: 0.00000 (95%-conf.int. 0.00000 - 0.00000)
.............................................
YXPICSEE4O ROUGE-4 Eval D1021-A.M.100.YXPICSEE4O R:0.00000 P:0.00000 F:0.00000
