---------------------------------------------
1 ROUGE-1 Average_R: 0.25363 (95%-conf.int. 0.23010 - 0.27355)
1 ROUGE-1 Average_P: 0.29506 (95%-conf.int. 0.26894 - 0.31686)
1 ROUGE-1 Average_F: 0.27185 (95%-conf.int. 0.24783 - 0.29218)
.............................................
1 ROUGE-1 Eval D1001-A.M.100.A.1 R:0.31687 P:0.35648 F:0.33551
1 ROUGE-1 Eval D1002-A.M.100.A.1 R:0.21339 P:0.29651 F:0.24818
1 ROUGE-1 Eval D1003-A.M.100.A.1 R:0.29870 P:0.26953 F:0.28337
1 ROUGE-1 Eval D1004-A.M.100.A.1 R:0.26446 P:0.28571 F:0.27467
1 ROUGE-1 Eval D1005-A.M.100.A.1 R:0.30328 P:0.38542 F:0.33945
1 ROUGE-1 Eval D1006-A.M.100.A.1 R:0.31034 P:0.37500 F:0.33962
1 ROUGE-1 Eval D1007-A.M.100.B.1 R:0.26667 P:0.33333 F:0.29630
1 ROUGE-1 Eval D1008-A.M.100.B.1 R:0.14516 P:0.16071 F:0.15254
1 ROUGE-1 Eval D1009-A.M.100.B.1 R:0.35841 P:0.36161 F:0.36000
1 ROUGE-1 Eval D1010-A.M.100.B.1 R:0.18800 P:0.22170 F:0.20346
1 ROUGE-1 Eval D1011-A.M.100.C.1 R:0.10776 P:0.16892 F:0.13158
1 ROUGE-1 Eval D1012-A.M.100.C.1 R:0.25203 P:0.29808 F:0.27313
1 ROUGE-1 Eval D1013-A.M.100.C.1 R:0.28916 P:0.36000 F:0.32071
1 ROUGE-1 Eval D1014-A.M.100.C.1 R:0.13808 P:0.18750 F:0.15904
1 ROUGE-1 Eval D1015-A.M.100.C.1 R:0.22642 P:0.28846 F:0.25370
1 ROUGE-1 Eval D1016-A.M.100.C.1 R:0.35426 P:0.47024 F:0.40409
1 ROUGE-1 Eval D1017-A.M.100.D.1 R:0.22449 P:0.24554 F:0.23454
1 ROUGE-1 Eval D1018-A.M.100.D.1 R:0.31799 P:0.37255 F:0.34311
1 ROUGE-1 Eval D1019-A.M.100.D.1 R:0.26250 P:0.30288 F:0.28125
1 ROUGE-1 Eval D1020-A.M.100.D.1 R:0.19421 P:0.23039 F:0.21076
1 ROUGE-1 Eval D1021-A.M.100.D.1 R:0.28390 P:0.28879 F:0.28632
1 ROUGE-1 Eval D1022-A.M.100.D.1 R:0.28452 P:0.26984 F:0.27699
1 ROUGE-1 Eval D1023-A.M.100.E.1 R:0.22727 P:0.30556 F:0.26066
1 ROUGE-1 Eval D1024-A.M.100.E.1 R:0.27917 P:0.32212 F:0.29911
1 ROUGE-1 Eval D1025-A.M.100.E.1 R:0.27876 P:0.29167 F:0.28507
1 ROUGE-1 Eval D1026-A.M.100.E.1 R:0.21368 P:0.22321 F:0.21834
1 ROUGE-1 Eval D1027-A.M.100.E.1 R:0.30952 P:0.33621 F:0.32231
1 ROUGE-1 Eval D1028-A.M.100.E.1 R:0.34583 P:0.37727 F:0.36087
1 ROUGE-1 Eval D1029-A.M.100.F.1 R:0.25417 P:0.28774 F:0.26992
1 ROUGE-1 Eval D1030-A.M.100.F.1 R:0.09524 P:0.12000 F:0.10620
1 ROUGE-1 Eval D1031-A.M.100.F.1 R:0.10612 P:0.12745 F:0.11581
1 ROUGE-1 Eval D1032-A.M.100.F.1 R:0.33588 P:0.42308 F:0.37447
1 ROUGE-1 Eval D1033-A.M.100.F.1 R:0.34711 P:0.34426 F:0.34568
1 ROUGE-1 Eval D1034-A.M.100.F.1 R:0.06584 P:0.10256 F:0.08020
1 ROUGE-1 Eval D1035-A.M.100.G.1 R:0.23171 P:0.24153 F:0.23652
1 ROUGE-1 Eval D1036-A.M.100.G.1 R:0.21633 P:0.26500 F:0.23820
1 ROUGE-1 Eval D1037-A.M.100.G.1 R:0.25463 P:0.31250 F:0.28061
1 ROUGE-1 Eval D1038-A.M.100.G.1 R:0.19608 P:0.27174 F:0.22779
1 ROUGE-1 Eval D1039-A.M.100.G.1 R:0.34694 P:0.38636 F:0.36559
1 ROUGE-1 Eval D1040-A.M.100.G.1 R:0.24681 P:0.34524 F:0.28784
1 ROUGE-1 Eval D1041-A.M.100.H.1 R:0.24016 P:0.34659 F:0.28372
1 ROUGE-1 Eval D1042-A.M.100.H.1 R:0.32735 P:0.39674 F:0.35872
1 ROUGE-1 Eval D1043-A.M.100.H.1 R:0.32203 P:0.29231 F:0.30645
1 ROUGE-1 Eval D1044-A.M.100.H.1 R:0.33333 P:0.38725 F:0.35827
1 ROUGE-1 Eval D1045-A.M.100.H.1 R:0.28740 P:0.32018 F:0.30291
1 ROUGE-1 Eval D1046-A.M.100.H.1 R:0.20866 P:0.22845 F:0.21811
---------------------------------------------
1 ROUGE-2 Average_R: 0.07330 (95%-conf.int. 0.06210 - 0.08465)
1 ROUGE-2 Average_P: 0.08447 (95%-conf.int. 0.07238 - 0.09608)
1 ROUGE-2 Average_F: 0.07819 (95%-conf.int. 0.06661 - 0.08949)
.............................................
1 ROUGE-2 Eval D1001-A.M.100.A.1 R:0.12971 P:0.14623 F:0.13748
1 ROUGE-2 Eval D1002-A.M.100.A.1 R:0.04681 P:0.06548 F:0.05459
1 ROUGE-2 Eval D1003-A.M.100.A.1 R:0.06167 P:0.05556 F:0.05846
1 ROUGE-2 Eval D1004-A.M.100.A.1 R:0.09664 P:0.10455 F:0.10044
1 ROUGE-2 Eval D1005-A.M.100.A.1 R:0.06667 P:0.08511 F:0.07477
1 ROUGE-2 Eval D1006-A.M.100.A.1 R:0.09339 P:0.11321 F:0.10235
1 ROUGE-2 Eval D1007-A.M.100.B.1 R:0.06787 P:0.08523 F:0.07557
1 ROUGE-2 Eval D1008-A.M.100.B.1 R:0.03689 P:0.04091 F:0.03880
1 ROUGE-2 Eval D1009-A.M.100.B.1 R:0.13514 P:0.13636 F:0.13575
1 ROUGE-2 Eval D1010-A.M.100.B.1 R:0.05285 P:0.06250 F:0.05727
1 ROUGE-2 Eval D1011-A.M.100.C.1 R:0.03509 P:0.05556 F:0.04301
1 ROUGE-2 Eval D1012-A.M.100.C.1 R:0.03719 P:0.04412 F:0.04036
1 ROUGE-2 Eval D1013-A.M.100.C.1 R:0.10204 P:0.12755 F:0.11338
1 ROUGE-2 Eval D1014-A.M.100.C.1 R:0.00851 P:0.01163 F:0.00983
1 ROUGE-2 Eval D1015-A.M.100.C.1 R:0.06130 P:0.07843 F:0.06881
1 ROUGE-2 Eval D1016-A.M.100.C.1 R:0.10046 P:0.13415 F:0.11489
1 ROUGE-2 Eval D1017-A.M.100.D.1 R:0.04149 P:0.04545 F:0.04338
1 ROUGE-2 Eval D1018-A.M.100.D.1 R:0.10638 P:0.12500 F:0.11494
1 ROUGE-2 Eval D1019-A.M.100.D.1 R:0.07627 P:0.08824 F:0.08182
1 ROUGE-2 Eval D1020-A.M.100.D.1 R:0.04622 P:0.05500 F:0.05023
1 ROUGE-2 Eval D1021-A.M.100.D.1 R:0.09914 P:0.10088 F:0.10000
1 ROUGE-2 Eval D1022-A.M.100.D.1 R:0.08085 P:0.07661 F:0.07867
1 ROUGE-2 Eval D1023-A.M.100.E.1 R:0.04202 P:0.05682 F:0.04831
1 ROUGE-2 Eval D1024-A.M.100.E.1 R:0.05932 P:0.06863 F:0.06364
1 ROUGE-2 Eval D1025-A.M.100.E.1 R:0.11712 P:0.12264 F:0.11982
1 ROUGE-2 Eval D1026-A.M.100.E.1 R:0.08696 P:0.09091 F:0.08889
1 ROUGE-2 Eval D1027-A.M.100.E.1 R:0.09274 P:0.10088 F:0.09664
1 ROUGE-2 Eval D1028-A.M.100.E.1 R:0.08051 P:0.08796 F:0.08407
1 ROUGE-2 Eval D1029-A.M.100.F.1 R:0.06780 P:0.07692 F:0.07207
1 ROUGE-2 Eval D1030-A.M.100.F.1 R:0.00806 P:0.01020 F:0.00900
1 ROUGE-2 Eval D1031-A.M.100.F.1 R:0.02490 P:0.03000 F:0.02721
1 ROUGE-2 Eval D1032-A.M.100.F.1 R:0.09302 P:0.11765 F:0.10390
1 ROUGE-2 Eval D1033-A.M.100.F.1 R:0.13445 P:0.13333 F:0.13389
1 ROUGE-2 Eval D1034-A.M.100.F.1 R:0.00000 P:0.00000 F:0.00000
1 ROUGE-2 Eval D1035-A.M.100.G.1 R:0.07438 P:0.07759 F:0.07595
1 ROUGE-2 Eval D1036-A.M.100.G.1 R:0.02490 P:0.03061 F:0.02746
1 ROUGE-2 Eval D1037-A.M.100.G.1 R:0.05189 P:0.06395 F:0.05729
1 ROUGE-2 Eval D1038-A.M.100.G.1 R:0.05976 P:0.08333 F:0.06960
1 ROUGE-2 Eval D1039-A.M.100.G.1 R:0.09959 P:0.11111 F:0.10504
1 ROUGE-2 Eval D1040-A.M.100.G.1 R:0.07792 P:0.10976 F:0.09114
1 ROUGE-2 Eval D1041-A.M.100.H.1 R:0.10000 P:0.14535 F:0.11848
1 ROUGE-2 Eval D1042-A.M.100.H.1 R:0.13242 P:0.16111 F:0.14536
1 ROUGE-2 Eval D1043-A.M.100.H.1 R:0.17241 P:0.15625 F:0.16393
1 ROUGE-2 Eval D1044-A.M.100.H.1 R:0.10300 P:0.12000 F:0.11085
1 ROUGE-2 Eval D1045-A.M.100.H.1 R:0.06000 P:0.06696 F:0.06329
1 ROUGE-2 Eval D1046-A.M.100.H.1 R:0.02000 P:0.02193 F:0.02092
---------------------------------------------
1 ROUGE-3 Average_R: 0.02577 (95%-conf.int. 0.01927 - 0.03409)
1 ROUGE-3 Average_P: 0.02921 (95%-conf.int. 0.02230 - 0.03722)
1 ROUGE-3 Average_F: 0.02727 (95%-conf.int. 0.02059 - 0.03557)
.............................................
1 ROUGE-3 Eval D1001-A.M.100.A.1 R:0.06383 P:0.07212 F:0.06772
1 ROUGE-3 Eval D1002-A.M.100.A.1 R:0.00866 P:0.01220 F:0.01013
1 ROUGE-3 Eval D1003-A.M.100.A.1 R:0.00897 P:0.00806 F:0.00849
1 ROUGE-3 Eval D1004-A.M.100.A.1 R:0.01709 P:0.01852 F:0.01778
1 ROUGE-3 Eval D1005-A.M.100.A.1 R:0.02542 P:0.03261 F:0.02857
1 ROUGE-3 Eval D1006-A.M.100.A.1 R:0.03953 P:0.04808 F:0.04339
1 ROUGE-3 Eval D1007-A.M.100.B.1 R:0.00922 P:0.01163 F:0.01029
1 ROUGE-3 Eval D1008-A.M.100.B.1 R:0.00833 P:0.00926 F:0.00877
1 ROUGE-3 Eval D1009-A.M.100.B.1 R:0.04128 P:0.04167 F:0.04147
1 ROUGE-3 Eval D1010-A.M.100.B.1 R:0.02479 P:0.02941 F:0.02690
1 ROUGE-3 Eval D1011-A.M.100.C.1 R:0.00000 P:0.00000 F:0.00000
1 ROUGE-3 Eval D1012-A.M.100.C.1 R:0.00420 P:0.00500 F:0.00457
1 ROUGE-3 Eval D1013-A.M.100.C.1 R:0.02490 P:0.03125 F:0.02772
1 ROUGE-3 Eval D1014-A.M.100.C.1 R:0.00000 P:0.00000 F:0.00000
1 ROUGE-3 Eval D1015-A.M.100.C.1 R:0.01946 P:0.02500 F:0.02188
1 ROUGE-3 Eval D1016-A.M.100.C.1 R:0.02791 P:0.03750 F:0.03200
1 ROUGE-3 Eval D1017-A.M.100.D.1 R:0.00000 P:0.00000 F:0.00000
1 ROUGE-3 Eval D1018-A.M.100.D.1 R:0.05628 P:0.06633 F:0.06089
1 ROUGE-3 Eval D1019-A.M.100.D.1 R:0.01724 P:0.02000 F:0.01852
1 ROUGE-3 Eval D1020-A.M.100.D.1 R:0.00855 P:0.01020 F:0.00930
1 ROUGE-3 Eval D1021-A.M.100.D.1 R:0.03070 P:0.03125 F:0.03097
1 ROUGE-3 Eval D1022-A.M.100.D.1 R:0.02165 P:0.02049 F:0.02105
1 ROUGE-3 Eval D1023-A.M.100.E.1 R:0.00855 P:0.01163 F:0.00985
1 ROUGE-3 Eval D1024-A.M.100.E.1 R:0.02155 P:0.02500 F:0.02315
1 ROUGE-3 Eval D1025-A.M.100.E.1 R:0.07339 P:0.07692 F:0.07511
1 ROUGE-3 Eval D1026-A.M.100.E.1 R:0.07522 P:0.07870 F:0.07692
1 ROUGE-3 Eval D1027-A.M.100.E.1 R:0.02869 P:0.03125 F:0.02992
1 ROUGE-3 Eval D1028-A.M.100.E.1 R:0.01724 P:0.01887 F:0.01802
1 ROUGE-3 Eval D1029-A.M.100.F.1 R:0.00862 P:0.00980 F:0.00917
1 ROUGE-3 Eval D1030-A.M.100.F.1 R:0.00000 P:0.00000 F:0.00000
1 ROUGE-3 Eval D1031-A.M.100.F.1 R:0.00844 P:0.01020 F:0.00924
1 ROUGE-3 Eval D1032-A.M.100.F.1 R:0.02756 P:0.03500 F:0.03084
1 ROUGE-3 Eval D1033-A.M.100.F.1 R:0.06838 P:0.06780 F:0.06809
1 ROUGE-3 Eval D1034-A.M.100.F.1 R:0.00000 P:0.00000 F:0.00000
1 ROUGE-3 Eval D1035-A.M.100.G.1 R:0.00840 P:0.00877 F:0.00858
1 ROUGE-3 Eval D1036-A.M.100.G.1 R:0.00844 P:0.01042 F:0.00933
1 ROUGE-3 Eval D1037-A.M.100.G.1 R:0.00481 P:0.00595 F:0.00532
1 ROUGE-3 Eval D1038-A.M.100.G.1 R:0.02834 P:0.03977 F:0.03310
1 ROUGE-3 Eval D1039-A.M.100.G.1 R:0.02954 P:0.03302 F:0.03118
1 ROUGE-3 Eval D1040-A.M.100.G.1 R:0.03084 P:0.04375 F:0.03618
1 ROUGE-3 Eval D1041-A.M.100.H.1 R:0.03659 P:0.05357 F:0.04348
1 ROUGE-3 Eval D1042-A.M.100.H.1 R:0.03721 P:0.04545 F:0.04092
1 ROUGE-3 Eval D1043-A.M.100.H.1 R:0.11404 P:0.10317 F:0.10833
1 ROUGE-3 Eval D1044-A.M.100.H.1 R:0.06114 P:0.07143 F:0.06589
1 ROUGE-3 Eval D1045-A.M.100.H.1 R:0.02033 P:0.02273 F:0.02146
1 ROUGE-3 Eval D1046-A.M.100.H.1 R:0.00000 P:0.00000 F:0.00000
---------------------------------------------
1 ROUGE-4 Average_R: 0.01001 (95%-conf.int. 0.00573 - 0.01598)
1 ROUGE-4 Average_P: 0.01100 (95%-conf.int. 0.00649 - 0.01702)
1 ROUGE-4 Average_F: 0.01043 (95%-conf.int. 0.00605 - 0.01641)
.............................................
1 ROUGE-4 Eval D1001-A.M.100.A.1 R:0.02597 P:0.02941 F:0.02758
1 ROUGE-4 Eval D1002-A.M.100.A.1 R:0.00000 P:0.00000 F:0.00000
1 ROUGE-4 Eval D1003-A.M.100.A.1 R:0.00000 P:0.00000 F:0.00000
1 ROUGE-4 Eval D1004-A.M.100.A.1 R:0.00000 P:0.00000 F:0.00000
1 ROUGE-4 Eval D1005-A.M.100.A.1 R:0.00000 P:0.00000 F:0.00000
1 ROUGE-4 Eval D1006-A.M.100.A.1 R:0.01606 P:0.01961 F:0.01766
1 ROUGE-4 Eval D1007-A.M.100.B.1 R:0.00000 P:0.00000 F:0.00000
1 ROUGE-4 Eval D1008-A.M.100.B.1 R:0.00000 P:0.00000 F:0.00000
1 ROUGE-4 Eval D1009-A.M.100.B.1 R:0.01402 P:0.01415 F:0.01408
1 ROUGE-4 Eval D1010-A.M.100.B.1 R:0.00840 P:0.01000 F:0.00913
1 ROUGE-4 Eval D1011-A.M.100.C.1 R:0.00000 P:0.00000 F:0.00000
1 ROUGE-4 Eval D1012-A.M.100.C.1 R:0.00000 P:0.00000 F:0.00000
1 ROUGE-4 Eval D1013-A.M.100.C.1 R:0.00844 P:0.01064 F:0.00941
1 ROUGE-4 Eval D1014-A.M.100.C.1 R:0.00000 P:0.00000 F:0.00000
1 ROUGE-4 Eval D1015-A.M.100.C.1 R:0.00395 P:0.00510 F:0.00445
1 ROUGE-4 Eval D1016-A.M.100.C.1 R:0.00474 P:0.00641 F:0.00545
1 ROUGE-4 Eval D1017-A.M.100.D.1 R:0.00000 P:0.00000 F:0.00000
1 ROUGE-4 Eval D1018-A.M.100.D.1 R:0.02203 P:0.02604 F:0.02387
1 ROUGE-4 Eval D1019-A.M.100.D.1 R:0.00439 P:0.00510 F:0.00472
1 ROUGE-4 Eval D1020-A.M.100.D.1 R:0.00000 P:0.00000 F:0.00000
1 ROUGE-4 Eval D1021-A.M.100.D.1 R:0.00446 P:0.00455 F:0.00450
1 ROUGE-4 Eval D1022-A.M.100.D.1 R:0.00441 P:0.00417 F:0.00429
1 ROUGE-4 Eval D1023-A.M.100.E.1 R:0.00435 P:0.00595 F:0.00503
1 ROUGE-4 Eval D1024-A.M.100.E.1 R:0.00439 P:0.00510 F:0.00472
1 ROUGE-4 Eval D1025-A.M.100.E.1 R:0.03738 P:0.03922 F:0.03828
1 ROUGE-4 Eval D1026-A.M.100.E.1 R:0.07207 P:0.07547 F:0.07373
1 ROUGE-4 Eval D1027-A.M.100.E.1 R:0.00417 P:0.00455 F:0.00435
1 ROUGE-4 Eval D1028-A.M.100.E.1 R:0.00877 P:0.00962 F:0.00918
1 ROUGE-4 Eval D1029-A.M.100.F.1 R:0.00000 P:0.00000 F:0.00000
1 ROUGE-4 Eval D1030-A.M.100.F.1 R:0.00000 P:0.00000 F:0.00000
1 ROUGE-4 Eval D1031-A.M.100.F.1 R:0.00000 P:0.00000 F:0.00000
1 ROUGE-4 Eval D1032-A.M.100.F.1 R:0.00400 P:0.00510 F:0.00448
1 ROUGE-4 Eval D1033-A.M.100.F.1 R:0.03478 P:0.03448 F:0.03463
1 ROUGE-4 Eval D1034-A.M.100.F.1 R:0.00000 P:0.00000 F:0.00000
1 ROUGE-4 Eval D1035-A.M.100.G.1 R:0.00000 P:0.00000 F:0.00000
1 ROUGE-4 Eval D1036-A.M.100.G.1 R:0.00000 P:0.00000 F:0.00000
1 ROUGE-4 Eval D1037-A.M.100.G.1 R:0.00000 P:0.00000 F:0.00000
1 ROUGE-4 Eval D1038-A.M.100.G.1 R:0.00823 P:0.01163 F:0.00964
1 ROUGE-4 Eval D1039-A.M.100.G.1 R:0.00858 P:0.00962 F:0.00907
1 ROUGE-4 Eval D1040-A.M.100.G.1 R:0.01345 P:0.01923 F:0.01583
1 ROUGE-4 Eval D1041-A.M.100.H.1 R:0.01653 P:0.02439 F:0.01971
1 ROUGE-4 Eval D1042-A.M.100.H.1 R:0.00000 P:0.00000 F:0.00000
1 ROUGE-4 Eval D1043-A.M.100.H.1 R:0.07589 P:0.06855 F:0.07203
1 ROUGE-4 Eval D1044-A.M.100.H.1 R:0.03556 P:0.04167 F:0.03837
1 ROUGE-4 Eval D1045-A.M.100.H.1 R:0.00413 P:0.00463 F:0.00437
1 ROUGE-4 Eval D1046-A.M.100.H.1 R:0.00000 P:0.00000 F:0.00000
